Using pre-set license
Built from '2021.3/staging' branch; Version is '2021.3.2f1 (d6360bedb9a0) revision 14038539'; Using compiler version '192829333'; Build Type 'Release'
OS: 'Windows 10  (10.0.19044) 64bit Professional' Language: 'nl' Physical Memory: 3981 MB
BatchMode: 1, IsHumanControllingUs: 0, StartBugReporterOnCrash: 0, Is64bit: 1, IsPro: 1

COMMAND LINE ARGUMENTS:
C:\Program Files\Unity\Hub\Editor\2021.3.2f1\Editor\Unity.exe
-adb2
-batchMode
-noUpm
-name
AssetImportWorker0
-projectPath
C:/Users/NMMoe/OneDrive/Documenten/GitHub/Timetravel/timetravel
-logFile
Logs/AssetImportWorker0.log
-srvPort
53780
Successfully changed project path to: C:/Users/NMMoe/OneDrive/Documenten/GitHub/Timetravel/timetravel
C:/Users/NMMoe/OneDrive/Documenten/GitHub/Timetravel/timetravel
[UnityMemory] Configuration Parameters - Can be set up in boot.config
    "memorysetup-bucket-allocator-granularity=16"
    "memorysetup-bucket-allocator-bucket-count=8"
    "memorysetup-bucket-allocator-block-size=33554432"
    "memorysetup-bucket-allocator-block-count=8"
    "memorysetup-main-allocator-block-size=16777216"
    "memorysetup-thread-allocator-block-size=16777216"
    "memorysetup-gfx-main-allocator-block-size=16777216"
    "memorysetup-gfx-thread-allocator-block-size=16777216"
    "memorysetup-cache-allocator-block-size=4194304"
    "memorysetup-typetree-allocator-block-size=2097152"
    "memorysetup-profiler-bucket-allocator-granularity=16"
    "memorysetup-profiler-bucket-allocator-bucket-count=8"
    "memorysetup-profiler-bucket-allocator-block-size=33554432"
    "memorysetup-profiler-bucket-allocator-block-count=8"
    "memorysetup-profiler-allocator-block-size=16777216"
    "memorysetup-profiler-editor-allocator-block-size=1048576"
    "memorysetup-temp-allocator-size-main=16777216"
    "memorysetup-job-temp-allocator-block-size=2097152"
    "memorysetup-job-temp-allocator-block-size-background=1048576"
    "memorysetup-job-temp-allocator-reduction-small-platforms=262144"
    "memorysetup-temp-allocator-size-background-worker=32768"
    "memorysetup-temp-allocator-size-job-worker=262144"
    "memorysetup-temp-allocator-size-preload-manager=33554432"
    "memorysetup-temp-allocator-size-nav-mesh-worker=65536"
    "memorysetup-temp-allocator-size-audio-worker=65536"
    "memorysetup-temp-allocator-size-cloud-worker=32768"
    "memorysetup-temp-allocator-size-gi-baking-worker=262144"
    "memorysetup-temp-allocator-size-gfx=262144"
Refreshing native plugins compatible for Editor in 673.79 ms, found 4 plugins.
Preloading 0 native plugins for Editor in 0.00 ms.
Initialize engine version: 2021.3.2f1 (d6360bedb9a0)
[Subsystems] Discovering subsystems at path C:/Program Files/Unity/Hub/Editor/2021.3.2f1/Editor/Data/Resources/UnitySubsystems
[Subsystems] Discovering subsystems at path C:/Users/NMMoe/OneDrive/Documenten/GitHub/Timetravel/timetravel/Assets
GfxDevice: creating device client; threaded=0; jobified=0
Direct3D:
    Version:  Direct3D 11.0 [level 11.0]
    Renderer: Intel(R) HD Graphics 4000 (ID=0x166)
    Vendor:   Intel
    VRAM:     128 MB
    Driver:   10.18.10.4425
Initialize mono
Mono path[0] = 'C:/Program Files/Unity/Hub/Editor/2021.3.2f1/Editor/Data/Managed'
Mono path[1] = 'C:/Program Files/Unity/Hub/Editor/2021.3.2f1/Editor/Data/MonoBleedingEdge/lib/mono/unityjit-win32'
Mono config path = 'C:/Program Files/Unity/Hub/Editor/2021.3.2f1/Editor/Data/MonoBleedingEdge/etc'
Using monoOptions --debugger-agent=transport=dt_socket,embedding=1,server=y,suspend=n,address=127.0.0.1:56804
Begin MonoManager ReloadAssembly
Registering precompiled unity dll's ...
Register platform support module: C:/Program Files/Unity/Hub/Editor/2021.3.2f1/Editor/Data/PlaybackEngines/WebGLSupport/UnityEditor.WebGL.Extensions.dll
Register platform support module: C:/Program Files/Unity/Hub/Editor/2021.3.2f1/Editor/Data/PlaybackEngines/WindowsStandaloneSupport/UnityEditor.WindowsStandalone.Extensions.dll
Registered in 0.045933 seconds.
Native extension for WindowsStandalone target not found
Native extension for WebGL target not found
Refreshing native plugins compatible for Editor in 287.58 ms, found 4 plugins.
Preloading 0 native plugins for Editor in 0.00 ms.
Mono: successfully reloaded assembly
- Completed reload, in  3.483 seconds
Domain Reload Profiling:
	ReloadAssembly (3496ms)
		BeginReloadAssembly (1462ms)
			ExecutionOrderSort (0ms)
			DisableScriptedObjects (0ms)
			BackupInstance (0ms)
			ReleaseScriptingObjects (0ms)
			CreateAndSetChildDomain (23ms)
		EndReloadAssembly (1664ms)
			LoadAssemblies (1414ms)
			RebuildTransferFunctionScriptingTraits (3ms)
			SetupTypeCache (298ms)
			ReleaseScriptCaches (0ms)
			RebuildScriptCaches (56ms)
			SetupLoadedEditorAssemblies (1158ms)
				LogAssemblyErrors (0ms)
				InitializePlatformSupportModulesInManaged (29ms)
				SetLoadedEditorAssemblies (0ms)
				RefreshPlugins (288ms)
				BeforeProcessingInitializeOnLoad (62ms)
				ProcessInitializeOnLoadAttributes (562ms)
				ProcessInitializeOnLoadMethodAttributes (217ms)
				AfterProcessingInitializeOnLoad (0ms)
				EditorAssembliesLoaded (0ms)
			ExecutionOrderSort2 (0ms)
			AwakeInstancesAfterBackupRestoration (0ms)
Platform modules already initialized, skipping
Registering precompiled user dll's ...
Registered in 0.036063 seconds.
Begin MonoManager ReloadAssembly
Native extension for WindowsStandalone target not found
Native extension for WebGL target not found
Refreshing native plugins compatible for Editor in 223.47 ms, found 4 plugins.
Preloading 0 native plugins for Editor in 0.00 ms.
Mono: successfully reloaded assembly
- Completed reload, in  6.371 seconds
Domain Reload Profiling:
	ReloadAssembly (6374ms)
		BeginReloadAssembly (333ms)
			ExecutionOrderSort (0ms)
			DisableScriptedObjects (14ms)
			BackupInstance (0ms)
			ReleaseScriptingObjects (0ms)
			CreateAndSetChildDomain (64ms)
		EndReloadAssembly (5701ms)
			LoadAssemblies (3012ms)
			RebuildTransferFunctionScriptingTraits (0ms)
			SetupTypeCache (785ms)
			ReleaseScriptCaches (1ms)
			RebuildScriptCaches (112ms)
			SetupLoadedEditorAssemblies (1660ms)
				LogAssemblyErrors (0ms)
				InitializePlatformSupportModulesInManaged (39ms)
				SetLoadedEditorAssemblies (0ms)
				RefreshPlugins (224ms)
				BeforeProcessingInitializeOnLoad (317ms)
				ProcessInitializeOnLoadAttributes (854ms)
				ProcessInitializeOnLoadMethodAttributes (187ms)
				AfterProcessingInitializeOnLoad (39ms)
				EditorAssembliesLoaded (0ms)
			ExecutionOrderSort2 (0ms)
			AwakeInstancesAfterBackupRestoration (23ms)
Platform modules already initialized, skipping
========================================================================
Worker process is ready to serve import requests
Launched and connected shader compiler UnityShaderCompiler.exe after 0.38 seconds
Refreshing native plugins compatible for Editor in 1.83 ms, found 4 plugins.
Preloading 0 native plugins for Editor in 0.00 ms.
Unloading 4051 Unused Serialized files (Serialized files now loaded: 0)
Unloading 43 unused Assets / (225.5 KB). Loaded Objects now: 4501.
Memory consumption went from 150.7 MB to 150.5 MB.
Total: 51.756800 ms (FindLiveObjects: 0.430500 ms CreateObjectMapping: 0.265800 ms MarkObjects: 50.381700 ms  DeleteObjects: 0.676800 ms)

AssetImportParameters requested are different than current active one (requested -> active):
  custom:video-decoder-ogg-theora: a1e56fd34408186e4bbccfd4996cb3dc -> 
  custom:container-muxer-webm: aa71ff27fc2769a1b78a27578f13a17b -> 
  custom:container-demuxer-webm: 4f35f7cbe854078d1ac9338744f61a02 -> 
  custom:video-encoder-webm-vp8: eb34c28f22e8b96e1ab97ce403110664 -> 
  custom:audio-encoder-webm-vorbis: bf7c407c2cedff20999df2af8eb42d56 -> 
  custom:framework-win-MediaFoundation: 216162199b28c13a410421893ffa2e32 -> 
  custom:container-demuxer-ogg: 62fdf1f143b41e24485cea50d1cbac27 -> 
  custom:video-decoder-webm-vp8: 9c59270c3fd7afecdb556c50c9e8de78 -> 
  custom:audio-decoder-ogg-vorbis: bf7c407c2cedff20999df2af8eb42d56 -> 
========================================================================
Received Import Request.
  Time since last request: 177928.011550 seconds.
  path: Assets/Rectangular Palette.prefab
  artifactKey: Guid(78fed43a0b9621e438ee28c22ca0295f) Importer(815301076,1909f56bfc062723c751e8b465ee728b)
Start importing Assets/Rectangular Palette.prefab using Guid(78fed43a0b9621e438ee28c22ca0295f) Importer(815301076,1909f56bfc062723c751e8b465ee728b)  -> (artifact id: '261e5d69abe4a5de5fb2cb953ff67193') in 0.376431 seconds 
========================================================================
Received Import Request.
  Time since last request: 28.660587 seconds.
  path: Assets/New Hexagonal Rule Tile.asset
  artifactKey: Guid(6738169f5b281484ebd092c95107a05c) Importer(815301076,1909f56bfc062723c751e8b465ee728b)
Start importing Assets/New Hexagonal Rule Tile.asset using Guid(6738169f5b281484ebd092c95107a05c) Importer(815301076,1909f56bfc062723c751e8b465ee728b)  -> (artifact id: '4a3d3404bcfd44f841f4e6b408b1b1c7') in 0.028815 seconds 
========================================================================
Received Import Request.
  Time since last request: 51.636027 seconds.
  path: Assets/New Rule Tile.asset
  artifactKey: Guid(80f6a1d39e486624791119cb656e1fe0) Importer(815301076,1909f56bfc062723c751e8b465ee728b)
Start importing Assets/New Rule Tile.asset using Guid(80f6a1d39e486624791119cb656e1fe0) Importer(815301076,1909f56bfc062723c751e8b465ee728b)  -> (artifact id: '31eb703e5f30716f768bf193dde650dd') in 0.011471 seconds 
========================================================================
Received Import Request.
  Time since last request: 83.304293 seconds.
  path: Assets/New Animated Tile.asset
  artifactKey: Guid(0316b98bcece21d4fa7bc2dcdebcb347) Importer(815301076,1909f56bfc062723c751e8b465ee728b)
Start importing Assets/New Animated Tile.asset using Guid(0316b98bcece21d4fa7bc2dcdebcb347) Importer(815301076,1909f56bfc062723c751e8b465ee728b)  -> (artifact id: '72620d57608e5c6c88c05c050f439b8b') in 0.008020 seconds 
========================================================================
Received Import Request.
  Time since last request: 96.727454 seconds.
  path: Assets/Square.png
  artifactKey: Guid(57e179e908d2aa64a8a78d8659846379) Importer(815301076,1909f56bfc062723c751e8b465ee728b)
Start importing Assets/Square.png using Guid(57e179e908d2aa64a8a78d8659846379) Importer(815301076,1909f56bfc062723c751e8b465ee728b)  -> (artifact id: 'a882bfa284ee9b7cb797f1e377d7e8ce') in 0.661006 seconds 
========================================================================
Received Import Request.
  Time since last request: 103.692498 seconds.
  path: Assets/Tiles
  artifactKey: Guid(e83a739da0b698c4bb22904d35acc989) Importer(815301076,1909f56bfc062723c751e8b465ee728b)
Start importing Assets/Tiles using Guid(e83a739da0b698c4bb22904d35acc989) Importer(815301076,1909f56bfc062723c751e8b465ee728b)  -> (artifact id: 'a89bf02905269f7fde522dbc5eb49389') in 0.009146 seconds 
========================================================================
Received Import Request.
  Time since last request: 61.179256 seconds.
  path: Assets/Tiles/New Animated Tile.asset
  artifactKey: Guid(35076c6529ff6c94eb9d36eb35cac837) Importer(815301076,1909f56bfc062723c751e8b465ee728b)
Start importing Assets/Tiles/New Animated Tile.asset using Guid(35076c6529ff6c94eb9d36eb35cac837) Importer(815301076,1909f56bfc062723c751e8b465ee728b)  -> (artifact id: '03c4781c7964c3820d9d79adc29a1ac9') in 0.006652 seconds 
========================================================================
Received Import Request.
  Time since last request: 32.977435 seconds.
  path: Assets/Tiles/New Rule Tile.asset
  artifactKey: Guid(ad6b32b8746b3ce40bea103fd4559ce3) Importer(815301076,1909f56bfc062723c751e8b465ee728b)
Start importing Assets/Tiles/New Rule Tile.asset using Guid(ad6b32b8746b3ce40bea103fd4559ce3) Importer(815301076,1909f56bfc062723c751e8b465ee728b)  -> (artifact id: 'd16c49c0241635d496f275d36fc5882f') in 0.008736 seconds 
========================================================================
Received Import Request.
  Time since last request: 13.769039 seconds.
  path: Assets/Tiles/Square.png
  artifactKey: Guid(fcfc0c66e3619ab40b0fc5620f1b8d9f) Importer(815301076,1909f56bfc062723c751e8b465ee728b)
Start importing Assets/Tiles/Square.png using Guid(fcfc0c66e3619ab40b0fc5620f1b8d9f) Importer(815301076,1909f56bfc062723c751e8b465ee728b)  -> (artifact id: '9142474e53240eb0ec42083c416f5a49') in 0.049145 seconds 
========================================================================
Received Import Request.
  Time since last request: 44.067927 seconds.
  path: Packages/com.unity.2d.tilemap/README.md
  artifactKey: Guid(8e2a754470eca3549bf5b80afcf34aa7) Importer(815301076,1909f56bfc062723c751e8b465ee728b)
Start importing Packages/com.unity.2d.tilemap/README.md using Guid(8e2a754470eca3549bf5b80afcf34aa7) Importer(815301076,1909f56bfc062723c751e8b465ee728b)  -> (artifact id: '05c4bccee4a83795f76511e789497c9f') in 0.266261 seconds 
========================================================================
Received Import Request.
  Time since last request: 343.954258 seconds.
  path: Assets/Tiles/Tiles.prefab
  artifactKey: Guid(14137815e54c26c42af072113c9907c9) Importer(815301076,1909f56bfc062723c751e8b465ee728b)
Start importing Assets/Tiles/Tiles.prefab using Guid(14137815e54c26c42af072113c9907c9) Importer(815301076,1909f56bfc062723c751e8b465ee728b)  -> (artifact id: '20fced7a4c7ebcb6f2759e9c54269b29') in 0.329461 seconds 
========================================================================
Received Import Request.
  Time since last request: 14.271842 seconds.
  path: Assets/Tiles/Square.asset
  artifactKey: Guid(90477eb8e0f077f4083a88f0e1f2f959) Importer(815301076,1909f56bfc062723c751e8b465ee728b)
Start importing Assets/Tiles/Square.asset using Guid(90477eb8e0f077f4083a88f0e1f2f959) Importer(815301076,1909f56bfc062723c751e8b465ee728b)  -> (artifact id: '242e652a8a9f7a98b0e860ee236e8118') in 0.061699 seconds 
========================================================================
Received Import Request.
  Time since last request: 0.000055 seconds.
  path: Assets/Tiles/Tiles.prefab
  artifactKey: Guid(14137815e54c26c42af072113c9907c9) Importer(815301076,1909f56bfc062723c751e8b465ee728b)
Start importing Assets/Tiles/Tiles.prefab using Guid(14137815e54c26c42af072113c9907c9) Importer(815301076,1909f56bfc062723c751e8b465ee728b)  -> (artifact id: 'be16b4c1c2b1f87d7ba48191623534c2') in 0.090819 seconds 
========================================================================
Received Import Request.
  Time since last request: 7.117272 seconds.
  path: Assets/Tiles/Square.asset
  artifactKey: Guid(90477eb8e0f077f4083a88f0e1f2f959) Importer(815301076,1909f56bfc062723c751e8b465ee728b)
Start importing Assets/Tiles/Square.asset using Guid(90477eb8e0f077f4083a88f0e1f2f959) Importer(815301076,1909f56bfc062723c751e8b465ee728b)  -> (artifact id: 'ac1a1ba1e9bb3e1a649669436fe6fb42') in 0.016361 seconds 
========================================================================
Received Import Request.
  Time since last request: 0.000038 seconds.
  path: Assets/Tiles/Tiles.prefab
  artifactKey: Guid(14137815e54c26c42af072113c9907c9) Importer(815301076,1909f56bfc062723c751e8b465ee728b)
Start importing Assets/Tiles/Tiles.prefab using Guid(14137815e54c26c42af072113c9907c9) Importer(815301076,1909f56bfc062723c751e8b465ee728b)  -> (artifact id: '7ed108f67a69ebd426143651006badd1') in 0.057857 seconds 
========================================================================
Received Import Request.
  Time since last request: 9.013886 seconds.
  path: Assets/Tiles/Tiles.prefab
  artifactKey: Guid(14137815e54c26c42af072113c9907c9) Importer(815301076,1909f56bfc062723c751e8b465ee728b)
Start importing Assets/Tiles/Tiles.prefab using Guid(14137815e54c26c42af072113c9907c9) Importer(815301076,1909f56bfc062723c751e8b465ee728b)  -> (artifact id: 'aeeb18e66f60257c2081bf970a98bffb') in 0.027466 seconds 
========================================================================
Received Import Request.
  Time since last request: 8.727490 seconds.
  path: Assets/Tiles/Square.png
  artifactKey: Guid(662d24f379e67e0479e9fa5f70753736) Importer(815301076,1909f56bfc062723c751e8b465ee728b)
Start importing Assets/Tiles/Square.png using Guid(662d24f379e67e0479e9fa5f70753736) Importer(815301076,1909f56bfc062723c751e8b465ee728b)  -> (artifact id: '71960710432c16427fa242c197f2bdcd') in 0.052449 seconds 
========================================================================
Received Import Request.
  Time since last request: 99.051825 seconds.
  path: Assets/Scenes
  artifactKey: Guid(131a6b21c8605f84396be9f6751fb6e3) Importer(815301076,1909f56bfc062723c751e8b465ee728b)
Start importing Assets/Scenes using Guid(131a6b21c8605f84396be9f6751fb6e3) Importer(815301076,1909f56bfc062723c751e8b465ee728b)  -> (artifact id: '4935f35005d3ccd51bf39964504ff1b7') in 0.007755 seconds 
========================================================================
Received Import Request.
  Time since last request: 255.724811 seconds.
  path: Assets/Tiles/Test.prefab
  artifactKey: Guid(0edbf51e81b327e478cb963f34438501) Importer(815301076,1909f56bfc062723c751e8b465ee728b)
Start importing Assets/Tiles/Test.prefab using Guid(0edbf51e81b327e478cb963f34438501) Importer(815301076,1909f56bfc062723c751e8b465ee728b)  -> (artifact id: '5caec98d9f33040e5709b0321a0355b1') in 0.189075 seconds 
========================================================================
Received Import Request.
  Time since last request: 7.836147 seconds.
  path: Assets/Tiles/Square.png
  artifactKey: Guid(e5bf206b861867a44ba0b4dc029914a3) Importer(815301076,1909f56bfc062723c751e8b465ee728b)
Start importing Assets/Tiles/Square.png using Guid(e5bf206b861867a44ba0b4dc029914a3) Importer(815301076,1909f56bfc062723c751e8b465ee728b)  -> (artifact id: '7f02683f35c86ea0963b180d63480b60') in 0.449259 seconds 
========================================================================
Received Import Request.
  Time since last request: 8.627988 seconds.
  path: Assets/Tiles/Square.asset
  artifactKey: Guid(90477eb8e0f077f4083a88f0e1f2f959) Importer(815301076,1909f56bfc062723c751e8b465ee728b)
Start importing Assets/Tiles/Square.asset using Guid(90477eb8e0f077f4083a88f0e1f2f959) Importer(815301076,1909f56bfc062723c751e8b465ee728b)  -> (artifact id: 'da2e1c5ee0215d0c0a79d36abb955308') in 0.029593 seconds 
========================================================================
Received Import Request.
  Time since last request: 0.000048 seconds.
  path: Assets/Tiles/Test.prefab
  artifactKey: Guid(0edbf51e81b327e478cb963f34438501) Importer(815301076,1909f56bfc062723c751e8b465ee728b)
Start importing Assets/Tiles/Test.prefab using Guid(0edbf51e81b327e478cb963f34438501) Importer(815301076,1909f56bfc062723c751e8b465ee728b)  -> (artifact id: '11afb6ab84bf5eb75e12e1fc5078b890') in 0.036277 seconds 
========================================================================
Received Import Request.
  Time since last request: 7.323698 seconds.
  path: Assets/Tiles/Square.asset
  artifactKey: Guid(90477eb8e0f077f4083a88f0e1f2f959) Importer(815301076,1909f56bfc062723c751e8b465ee728b)
Start importing Assets/Tiles/Square.asset using Guid(90477eb8e0f077f4083a88f0e1f2f959) Importer(815301076,1909f56bfc062723c751e8b465ee728b)  -> (artifact id: '7e5fe327bedcaf530a83dd31cc56d2a7') in 0.010273 seconds 
========================================================================
Received Import Request.
  Time since last request: 0.000038 seconds.
  path: Assets/Tiles/Test.prefab
  artifactKey: Guid(0edbf51e81b327e478cb963f34438501) Importer(815301076,1909f56bfc062723c751e8b465ee728b)
Start importing Assets/Tiles/Test.prefab using Guid(0edbf51e81b327e478cb963f34438501) Importer(815301076,1909f56bfc062723c751e8b465ee728b)  -> (artifact id: 'b190f72676cfb07ca32e15a91559f9a2') in 0.025443 seconds 
========================================================================
Received Import Request.
  Time since last request: 3.508439 seconds.
  path: Assets/Tiles/Test.prefab
  artifactKey: Guid(0edbf51e81b327e478cb963f34438501) Importer(815301076,1909f56bfc062723c751e8b465ee728b)
Start importing Assets/Tiles/Test.prefab using Guid(0edbf51e81b327e478cb963f34438501) Importer(815301076,1909f56bfc062723c751e8b465ee728b)  -> (artifact id: 'c4d5585d54dd7b8aa0be0fef9a8d2da7') in 0.043477 seconds 
========================================================================
Received Import Request.
  Time since last request: 7.147631 seconds.
  path: Assets/Tiles/Square.png
  artifactKey: Guid(7639ca4a46e14e64792e013123fd5dbd) Importer(815301076,1909f56bfc062723c751e8b465ee728b)
Start importing Assets/Tiles/Square.png using Guid(7639ca4a46e14e64792e013123fd5dbd) Importer(815301076,1909f56bfc062723c751e8b465ee728b)  -> (artifact id: '1a86a7d7291e119394eb217475b9ea66') in 0.057495 seconds 
========================================================================
Received Import Request.
  Time since last request: 120.627772 seconds.
  path: Assets/Tiles/Square.png
  artifactKey: Guid(d1296e92ddb7c9543af5d8490973238f) Importer(815301076,1909f56bfc062723c751e8b465ee728b)
Start importing Assets/Tiles/Square.png using Guid(d1296e92ddb7c9543af5d8490973238f) Importer(815301076,1909f56bfc062723c751e8b465ee728b)  -> (artifact id: 'fcce30146b26df73b6eb894f13093b7d') in 0.032391 seconds 
========================================================================
Received Import Request.
  Time since last request: 93.210172 seconds.
  path: Assets/Tiles/Bingus.prefab
  artifactKey: Guid(359d003e9a2b3194dace7403505755bf) Importer(815301076,1909f56bfc062723c751e8b465ee728b)
Start importing Assets/Tiles/Bingus.prefab using Guid(359d003e9a2b3194dace7403505755bf) Importer(815301076,1909f56bfc062723c751e8b465ee728b)  -> (artifact id: '2449e475f387198aee57ac75011c2daf') in 0.042022 seconds 
========================================================================
Received Import Request.
  Time since last request: 8.879846 seconds.
  path: Assets/Tiles/El blokko.prefab
  artifactKey: Guid(d004a89586c8c2f41809b32da30a5328) Importer(815301076,1909f56bfc062723c751e8b465ee728b)
Start importing Assets/Tiles/El blokko.prefab using Guid(d004a89586c8c2f41809b32da30a5328) Importer(815301076,1909f56bfc062723c751e8b465ee728b)  -> (artifact id: '744a020420f53138404c378e23d72ab4') in 0.081340 seconds 
========================================================================
Received Import Request.
  Time since last request: 48.860335 seconds.
  path: Assets/Tiles/Square (1).prefab
  artifactKey: Guid(8c80e14f3c4af374187f785b928b838d) Importer(815301076,1909f56bfc062723c751e8b465ee728b)
Start importing Assets/Tiles/Square (1).prefab using Guid(8c80e14f3c4af374187f785b928b838d) Importer(815301076,1909f56bfc062723c751e8b465ee728b)  -> (artifact id: '3a2f1e2f3c65519f874d8675aa30e756') in 0.024782 seconds 
========================================================================
Received Import Request.
  Time since last request: 35.320564 seconds.
  path: Assets/Tiles/Uw Moeder.prefab
  artifactKey: Guid(ee9877518a763eb4fafa78a848dae305) Importer(815301076,1909f56bfc062723c751e8b465ee728b)
Start importing Assets/Tiles/Uw Moeder.prefab using Guid(ee9877518a763eb4fafa78a848dae305) Importer(815301076,1909f56bfc062723c751e8b465ee728b)  -> (artifact id: '932af41ac85a0d28ce0a2a045bc57a16') in 0.039858 seconds 
========================================================================
Received Import Request.
  Time since last request: 13.526202 seconds.
  path: Assets/Tiles/Square.png
  artifactKey: Guid(0d6aadadd99f79a459e0cf0399f106a3) Importer(815301076,1909f56bfc062723c751e8b465ee728b)
Start importing Assets/Tiles/Square.png using Guid(0d6aadadd99f79a459e0cf0399f106a3) Importer(815301076,1909f56bfc062723c751e8b465ee728b)  -> (artifact id: 'd8aaaccf7f5b37c57476d508622e3f95') in 0.053178 seconds 
========================================================================
Received Import Request.
  Time since last request: 50.802829 seconds.
  path: Assets/Tiles/Winneraar.png
  artifactKey: Guid(a789c35ea40453b4f9d19d6783a612e8) Importer(815301076,1909f56bfc062723c751e8b465ee728b)
Start importing Assets/Tiles/Winneraar.png using Guid(a789c35ea40453b4f9d19d6783a612e8) Importer(815301076,1909f56bfc062723c751e8b465ee728b)  -> (artifact id: 'b683811d570bde6e8938711868a6f104') in 0.089381 seconds 
========================================================================
Received Import Request.
  Time since last request: 4.496368 seconds.
  path: Assets/Tiles/Uw Moeder.prefab
  artifactKey: Guid(ee9877518a763eb4fafa78a848dae305) Importer(815301076,1909f56bfc062723c751e8b465ee728b)
Start importing Assets/Tiles/Uw Moeder.prefab using Guid(ee9877518a763eb4fafa78a848dae305) Importer(815301076,1909f56bfc062723c751e8b465ee728b)  -> (artifact id: 'ac79c86434e246372f25477ee798a036') in 0.091929 seconds 
========================================================================
Received Import Request.
  Time since last request: 0.000182 seconds.
  path: Assets/Tiles/Winneraar.asset
  artifactKey: Guid(ed68e82ae65d48643acde0733079f3d3) Importer(815301076,1909f56bfc062723c751e8b465ee728b)
Start importing Assets/Tiles/Winneraar.asset using Guid(ed68e82ae65d48643acde0733079f3d3) Importer(815301076,1909f56bfc062723c751e8b465ee728b)  -> (artifact id: '8794a46ec2bc348291f54cb79e2c9ff7') in 0.027153 seconds 
========================================================================
Received Import Request.
  Time since last request: 60.416897 seconds.
  path: Assets/Tiles/Uw Moeder.prefab
  artifactKey: Guid(ee9877518a763eb4fafa78a848dae305) Importer(815301076,1909f56bfc062723c751e8b465ee728b)
Start importing Assets/Tiles/Uw Moeder.prefab using Guid(ee9877518a763eb4fafa78a848dae305) Importer(815301076,1909f56bfc062723c751e8b465ee728b)  -> (artifact id: '57397b0ac354952eb8be21859ebda8ea') in 0.060937 seconds 
========================================================================
Received Import Request.
  Time since last request: 0.000060 seconds.
  path: Assets/Tiles/Winneraar.asset
  artifactKey: Guid(ed68e82ae65d48643acde0733079f3d3) Importer(815301076,1909f56bfc062723c751e8b465ee728b)
Start importing Assets/Tiles/Winneraar.asset using Guid(ed68e82ae65d48643acde0733079f3d3) Importer(815301076,1909f56bfc062723c751e8b465ee728b)  -> (artifact id: 'def9152b21d591b44508e9eecf729d90') in 0.014429 seconds 
========================================================================
Received Import Request.
  Time since last request: 29.992069 seconds.
  path: Assets/Tiles/Rectangular Palette.prefab
  artifactKey: Guid(812f158399651d448baba4cafd1e8013) Importer(815301076,1909f56bfc062723c751e8b465ee728b)
Start importing Assets/Tiles/Rectangular Palette.prefab using Guid(812f158399651d448baba4cafd1e8013) Importer(815301076,1909f56bfc062723c751e8b465ee728b)  -> (artifact id: '1cddf1d39aee3313a943fd12f42a383c') in 0.026624 seconds 
========================================================================
Received Import Request.
  Time since last request: 21.184613 seconds.
  path: Assets/Tiles/Rectangular Palette.prefab
  artifactKey: Guid(812f158399651d448baba4cafd1e8013) Importer(815301076,1909f56bfc062723c751e8b465ee728b)
Start importing Assets/Tiles/Rectangular Palette.prefab using Guid(812f158399651d448baba4cafd1e8013) Importer(815301076,1909f56bfc062723c751e8b465ee728b)  -> (artifact id: '9425fdfec2aa19d4dd649cef2e9f2647') in 0.034166 seconds 
========================================================================
Received Prepare
Registering precompiled user dll's ...
Registered in 0.042201 seconds.
Begin MonoManager ReloadAssembly
Native extension for WindowsStandalone target not found
Native extension for WebGL target not found
Refreshing native plugins compatible for Editor in 1.10 ms, found 4 plugins.
Preloading 0 native plugins for Editor in 0.00 ms.
Mono: successfully reloaded assembly
- Completed reload, in  8.245 seconds
Domain Reload Profiling:
	ReloadAssembly (8315ms)
		BeginReloadAssembly (5287ms)
			ExecutionOrderSort (10ms)
			DisableScriptedObjects (770ms)
			BackupInstance (0ms)
			ReleaseScriptingObjects (0ms)
			CreateAndSetChildDomain (2964ms)
		EndReloadAssembly (2568ms)
			LoadAssemblies (651ms)
			RebuildTransferFunctionScriptingTraits (1ms)
			SetupTypeCache (884ms)
			ReleaseScriptCaches (2ms)
			RebuildScriptCaches (169ms)
			SetupLoadedEditorAssemblies (966ms)
				LogAssemblyErrors (0ms)
				InitializePlatformSupportModulesInManaged (53ms)
				SetLoadedEditorAssemblies (2ms)
				RefreshPlugins (1ms)
				BeforeProcessingInitializeOnLoad (249ms)
				ProcessInitializeOnLoadAttributes (509ms)
				ProcessInitializeOnLoadMethodAttributes (114ms)
				AfterProcessingInitializeOnLoad (38ms)
				EditorAssembliesLoaded (0ms)
			ExecutionOrderSort2 (0ms)
			AwakeInstancesAfterBackupRestoration (25ms)
Platform modules already initialized, skipping
Refreshing native plugins compatible for Editor in 10.78 ms, found 4 plugins.
Preloading 0 native plugins for Editor in 0.00 ms.
Unloading 4046 Unused Serialized files (Serialized files now loaded: 0)
Unloading 30 unused Assets / (192.1 KB). Loaded Objects now: 4517.
Memory consumption went from 155.1 MB to 154.9 MB.
Total: 8.659200 ms (FindLiveObjects: 0.454100 ms CreateObjectMapping: 0.236100 ms MarkObjects: 7.430900 ms  DeleteObjects: 0.536100 ms)

AssetImportParameters requested are different than current active one (requested -> active):
  custom:video-decoder-ogg-theora: a1e56fd34408186e4bbccfd4996cb3dc -> 
  custom:container-muxer-webm: aa71ff27fc2769a1b78a27578f13a17b -> 
  custom:container-demuxer-webm: 4f35f7cbe854078d1ac9338744f61a02 -> 
  custom:video-encoder-webm-vp8: eb34c28f22e8b96e1ab97ce403110664 -> 
  custom:audio-encoder-webm-vorbis: bf7c407c2cedff20999df2af8eb42d56 -> 
  custom:framework-win-MediaFoundation: 216162199b28c13a410421893ffa2e32 -> 
  custom:container-demuxer-ogg: 62fdf1f143b41e24485cea50d1cbac27 -> 
  custom:video-decoder-webm-vp8: 9c59270c3fd7afecdb556c50c9e8de78 -> 
  custom:audio-decoder-ogg-vorbis: bf7c407c2cedff20999df2af8eb42d56 -> 
========================================================================
Received Import Request.
  Time since last request: 142.694567 seconds.
  path: Assets/Tiles/Rectangular Palette.prefab
  artifactKey: Guid(812f158399651d448baba4cafd1e8013) Importer(815301076,1909f56bfc062723c751e8b465ee728b)
Start importing Assets/Tiles/Rectangular Palette.prefab using Guid(812f158399651d448baba4cafd1e8013) Importer(815301076,1909f56bfc062723c751e8b465ee728b)  -> (artifact id: 'ba0fb43978f1d1887a81d25335d113ea') in 0.148000 seconds 
========================================================================
Received Import Request.
  Time since last request: 2.475979 seconds.
  path: Assets/Tiles/Square.png
  artifactKey: Guid(7710d5e1aa1f5b04f8afbc163617c8c0) Importer(815301076,1909f56bfc062723c751e8b465ee728b)
Start importing Assets/Tiles/Square.png using Guid(7710d5e1aa1f5b04f8afbc163617c8c0) Importer(815301076,1909f56bfc062723c751e8b465ee728b)  -> (artifact id: 'a48818f93843d773ebf6bc41ea69410c') in 0.079781 seconds 
========================================================================
Received Prepare
Registering precompiled user dll's ...
Registered in 0.035053 seconds.
Begin MonoManager ReloadAssembly
Native extension for WindowsStandalone target not found
Native extension for WebGL target not found
Refreshing native plugins compatible for Editor in 1.30 ms, found 4 plugins.
Preloading 0 native plugins for Editor in 0.00 ms.
Mono: successfully reloaded assembly
- Completed reload, in  3.690 seconds
Domain Reload Profiling:
	ReloadAssembly (3691ms)
		BeginReloadAssembly (505ms)
			ExecutionOrderSort (0ms)
			DisableScriptedObjects (20ms)
			BackupInstance (0ms)
			ReleaseScriptingObjects (0ms)
			CreateAndSetChildDomain (117ms)
		EndReloadAssembly (2771ms)
			LoadAssemblies (432ms)
			RebuildTransferFunctionScriptingTraits (0ms)
			SetupTypeCache (817ms)
			ReleaseScriptCaches (3ms)
			RebuildScriptCaches (115ms)
			SetupLoadedEditorAssemblies (1415ms)
				LogAssemblyErrors (0ms)
				InitializePlatformSupportModulesInManaged (40ms)
				SetLoadedEditorAssemblies (1ms)
				RefreshPlugins (2ms)
				BeforeProcessingInitializeOnLoad (378ms)
				ProcessInitializeOnLoadAttributes (861ms)
				ProcessInitializeOnLoadMethodAttributes (91ms)
				AfterProcessingInitializeOnLoad (42ms)
				EditorAssembliesLoaded (0ms)
			ExecutionOrderSort2 (0ms)
			AwakeInstancesAfterBackupRestoration (20ms)
Platform modules already initialized, skipping
Refreshing native plugins compatible for Editor in 11.76 ms, found 4 plugins.
Preloading 0 native plugins for Editor in 0.00 ms.
Unloading 4046 Unused Serialized files (Serialized files now loaded: 0)
Unloading 30 unused Assets / (192.4 KB). Loaded Objects now: 4520.
Memory consumption went from 155.1 MB to 154.9 MB.
Total: 5.409000 ms (FindLiveObjects: 0.408100 ms CreateObjectMapping: 0.221800 ms MarkObjects: 4.544300 ms  DeleteObjects: 0.233100 ms)

AssetImportParameters requested are different than current active one (requested -> active):
  custom:video-decoder-ogg-theora: a1e56fd34408186e4bbccfd4996cb3dc -> 
  custom:container-muxer-webm: aa71ff27fc2769a1b78a27578f13a17b -> 
  custom:container-demuxer-webm: 4f35f7cbe854078d1ac9338744f61a02 -> 
  custom:video-encoder-webm-vp8: eb34c28f22e8b96e1ab97ce403110664 -> 
  custom:audio-encoder-webm-vorbis: bf7c407c2cedff20999df2af8eb42d56 -> 
  custom:framework-win-MediaFoundation: 216162199b28c13a410421893ffa2e32 -> 
  custom:container-demuxer-ogg: 62fdf1f143b41e24485cea50d1cbac27 -> 
  custom:video-decoder-webm-vp8: 9c59270c3fd7afecdb556c50c9e8de78 -> 
  custom:audio-decoder-ogg-vorbis: bf7c407c2cedff20999df2af8eb42d56 -> 
========================================================================
Received Import Request.
  Time since last request: 74.749294 seconds.
  path: Assets/Tiles/Square (1).prefab
  artifactKey: Guid(8c80e14f3c4af374187f785b928b838d) Importer(815301076,1909f56bfc062723c751e8b465ee728b)
Start importing Assets/Tiles/Square (1).prefab using Guid(8c80e14f3c4af374187f785b928b838d) Importer(815301076,1909f56bfc062723c751e8b465ee728b)  -> (artifact id: '2db00d170706296c73aedc1db992a33f') in 0.200734 seconds 
========================================================================
Received Import Request.
  Time since last request: 7.636091 seconds.
  path: Assets/Tiles/Square (1).prefab
  artifactKey: Guid(8c80e14f3c4af374187f785b928b838d) Importer(815301076,1909f56bfc062723c751e8b465ee728b)
Start importing Assets/Tiles/Square (1).prefab using Guid(8c80e14f3c4af374187f785b928b838d) Importer(815301076,1909f56bfc062723c751e8b465ee728b)  -> (artifact id: '30017f15d3523b3ebb98dc7364cee5fa') in 0.014531 seconds 
========================================================================
Received Import Request.
  Time since last request: 48.919865 seconds.
  path: Assets/Tiles/Badeba.prefab
  artifactKey: Guid(c79ac6abf1e020c41844d5ab085b6690) Importer(815301076,1909f56bfc062723c751e8b465ee728b)
Start importing Assets/Tiles/Badeba.prefab using Guid(c79ac6abf1e020c41844d5ab085b6690) Importer(815301076,1909f56bfc062723c751e8b465ee728b)  -> (artifact id: 'bf97e25e5f71a29489f830fb953037d2') in 0.041903 seconds 
========================================================================
Received Import Request.
  Time since last request: 22.664637 seconds.
  path: Assets/Tiles/Blocc.prefab
  artifactKey: Guid(e993b0cb12d75f0468673f4dbc480329) Importer(815301076,1909f56bfc062723c751e8b465ee728b)
Start importing Assets/Tiles/Blocc.prefab using Guid(e993b0cb12d75f0468673f4dbc480329) Importer(815301076,1909f56bfc062723c751e8b465ee728b)  -> (artifact id: 'd1abe9d3128f0350ba219dfb17d02411') in 0.036084 seconds 
========================================================================
Received Import Request.
  Time since last request: 27.276266 seconds.
  path: Assets/Tiles/Square.png
  artifactKey: Guid(5bf37df126e526942b58d108fbbb86b6) Importer(815301076,1909f56bfc062723c751e8b465ee728b)
Start importing Assets/Tiles/Square.png using Guid(5bf37df126e526942b58d108fbbb86b6) Importer(815301076,1909f56bfc062723c751e8b465ee728b)  -> (artifact id: '4739bf2f1c6c0d3710ce521123bfad75') in 0.061595 seconds 
========================================================================
Received Import Request.
  Time since last request: 4.594412 seconds.
  path: Assets/Tiles/Badeba.prefab
  artifactKey: Guid(c79ac6abf1e020c41844d5ab085b6690) Importer(815301076,1909f56bfc062723c751e8b465ee728b)
Start importing Assets/Tiles/Badeba.prefab using Guid(c79ac6abf1e020c41844d5ab085b6690) Importer(815301076,1909f56bfc062723c751e8b465ee728b)  -> (artifact id: '7a016e9c5e1877524a9ffc3391ce8fc4') in 0.039122 seconds 
========================================================================
Received Import Request.
  Time since last request: 0.000048 seconds.
  path: Assets/Tiles/Square.asset
  artifactKey: Guid(90477eb8e0f077f4083a88f0e1f2f959) Importer(815301076,1909f56bfc062723c751e8b465ee728b)
Start importing Assets/Tiles/Square.asset using Guid(90477eb8e0f077f4083a88f0e1f2f959) Importer(815301076,1909f56bfc062723c751e8b465ee728b)  -> (artifact id: '07425c26b018a845efe8119d13d9b28d') in 0.059747 seconds 
========================================================================
Received Prepare
Registering precompiled user dll's ...
Registered in 0.031366 seconds.
Begin MonoManager ReloadAssembly
Native extension for WindowsStandalone target not found
Native extension for WebGL target not found
Refreshing native plugins compatible for Editor in 1.92 ms, found 4 plugins.
Preloading 0 native plugins for Editor in 0.00 ms.
Mono: successfully reloaded assembly
- Completed reload, in  3.951 seconds
Domain Reload Profiling:
	ReloadAssembly (3954ms)
		BeginReloadAssembly (532ms)
			ExecutionOrderSort (0ms)
			DisableScriptedObjects (41ms)
			BackupInstance (0ms)
			ReleaseScriptingObjects (0ms)
			CreateAndSetChildDomain (141ms)
		EndReloadAssembly (3022ms)
			LoadAssemblies (418ms)
			RebuildTransferFunctionScriptingTraits (0ms)
			SetupTypeCache (857ms)
			ReleaseScriptCaches (3ms)
			RebuildScriptCaches (170ms)
			SetupLoadedEditorAssemblies (1469ms)
				LogAssemblyErrors (0ms)
				InitializePlatformSupportModulesInManaged (70ms)
				SetLoadedEditorAssemblies (2ms)
				RefreshPlugins (2ms)
				BeforeProcessingInitializeOnLoad (364ms)
				ProcessInitializeOnLoadAttributes (812ms)
				ProcessInitializeOnLoadMethodAttributes (165ms)
				AfterProcessingInitializeOnLoad (54ms)
				EditorAssembliesLoaded (1ms)
			ExecutionOrderSort2 (0ms)
			AwakeInstancesAfterBackupRestoration (30ms)
Platform modules already initialized, skipping
Refreshing native plugins compatible for Editor in 13.45 ms, found 4 plugins.
Preloading 0 native plugins for Editor in 0.00 ms.
Unloading 4046 Unused Serialized files (Serialized files now loaded: 0)
Unloading 30 unused Assets / (192.5 KB). Loaded Objects now: 4524.
Memory consumption went from 155.1 MB to 154.9 MB.
Total: 39.382100 ms (FindLiveObjects: 0.406400 ms CreateObjectMapping: 0.327600 ms MarkObjects: 38.069000 ms  DeleteObjects: 0.576200 ms)

AssetImportParameters requested are different than current active one (requested -> active):
  custom:video-decoder-ogg-theora: a1e56fd34408186e4bbccfd4996cb3dc -> 
  custom:container-muxer-webm: aa71ff27fc2769a1b78a27578f13a17b -> 
  custom:container-demuxer-webm: 4f35f7cbe854078d1ac9338744f61a02 -> 
  custom:video-encoder-webm-vp8: eb34c28f22e8b96e1ab97ce403110664 -> 
  custom:audio-encoder-webm-vorbis: bf7c407c2cedff20999df2af8eb42d56 -> 
  custom:framework-win-MediaFoundation: 216162199b28c13a410421893ffa2e32 -> 
  custom:container-demuxer-ogg: 62fdf1f143b41e24485cea50d1cbac27 -> 
  custom:video-decoder-webm-vp8: 9c59270c3fd7afecdb556c50c9e8de78 -> 
  custom:audio-decoder-ogg-vorbis: bf7c407c2cedff20999df2af8eb42d56 -> 
========================================================================
Received Prepare
Registering precompiled user dll's ...
Registered in 0.042677 seconds.
Begin MonoManager ReloadAssembly
Native extension for WindowsStandalone target not found
Native extension for WebGL target not found
Refreshing native plugins compatible for Editor in 3.10 ms, found 4 plugins.
Preloading 0 native plugins for Editor in 0.00 ms.
Mono: successfully reloaded assembly
- Completed reload, in  4.872 seconds
Domain Reload Profiling:
	ReloadAssembly (4876ms)
		BeginReloadAssembly (1329ms)
			ExecutionOrderSort (0ms)
			DisableScriptedObjects (53ms)
			BackupInstance (0ms)
			ReleaseScriptingObjects (0ms)
			CreateAndSetChildDomain (271ms)
		EndReloadAssembly (3054ms)
			LoadAssemblies (1025ms)
			RebuildTransferFunctionScriptingTraits (0ms)
			SetupTypeCache (793ms)
			ReleaseScriptCaches (2ms)
			RebuildScriptCaches (217ms)
			SetupLoadedEditorAssemblies (1438ms)
				LogAssemblyErrors (0ms)
				InitializePlatformSupportModulesInManaged (56ms)
				SetLoadedEditorAssemblies (2ms)
				RefreshPlugins (3ms)
				BeforeProcessingInitializeOnLoad (317ms)
				ProcessInitializeOnLoadAttributes (862ms)
				ProcessInitializeOnLoadMethodAttributes (144ms)
				AfterProcessingInitializeOnLoad (54ms)
				EditorAssembliesLoaded (0ms)
			ExecutionOrderSort2 (0ms)
			AwakeInstancesAfterBackupRestoration (32ms)
Platform modules already initialized, skipping
Refreshing native plugins compatible for Editor in 10.54 ms, found 4 plugins.
Preloading 0 native plugins for Editor in 0.00 ms.
Unloading 4046 Unused Serialized files (Serialized files now loaded: 0)
Unloading 30 unused Assets / (192.5 KB). Loaded Objects now: 4527.
Memory consumption went from 155.1 MB to 154.9 MB.
Total: 5.970500 ms (FindLiveObjects: 0.396100 ms CreateObjectMapping: 0.415100 ms MarkObjects: 4.926200 ms  DeleteObjects: 0.231600 ms)

AssetImportParameters requested are different than current active one (requested -> active):
  custom:video-decoder-ogg-theora: a1e56fd34408186e4bbccfd4996cb3dc -> 
  custom:container-muxer-webm: aa71ff27fc2769a1b78a27578f13a17b -> 
  custom:container-demuxer-webm: 4f35f7cbe854078d1ac9338744f61a02 -> 
  custom:video-encoder-webm-vp8: eb34c28f22e8b96e1ab97ce403110664 -> 
  custom:audio-encoder-webm-vorbis: bf7c407c2cedff20999df2af8eb42d56 -> 
  custom:framework-win-MediaFoundation: 216162199b28c13a410421893ffa2e32 -> 
  custom:container-demuxer-ogg: 62fdf1f143b41e24485cea50d1cbac27 -> 
  custom:video-decoder-webm-vp8: 9c59270c3fd7afecdb556c50c9e8de78 -> 
  custom:audio-decoder-ogg-vorbis: bf7c407c2cedff20999df2af8eb42d56 -> 
========================================================================
Received Prepare
Registering precompiled user dll's ...
Registered in 0.030744 seconds.
Begin MonoManager ReloadAssembly
Native extension for WindowsStandalone target not found
Native extension for WebGL target not found
Refreshing native plugins compatible for Editor in 1.22 ms, found 4 plugins.
Preloading 0 native plugins for Editor in 0.00 ms.
Mono: successfully reloaded assembly
- Completed reload, in  3.851 seconds
Domain Reload Profiling:
	ReloadAssembly (3854ms)
		BeginReloadAssembly (475ms)
			ExecutionOrderSort (0ms)
			DisableScriptedObjects (22ms)
			BackupInstance (0ms)
			ReleaseScriptingObjects (0ms)
			CreateAndSetChildDomain (100ms)
		EndReloadAssembly (2936ms)
			LoadAssemblies (420ms)
			RebuildTransferFunctionScriptingTraits (0ms)
			SetupTypeCache (801ms)
			ReleaseScriptCaches (4ms)
			RebuildScriptCaches (137ms)
			SetupLoadedEditorAssemblies (1463ms)
				LogAssemblyErrors (0ms)
				InitializePlatformSupportModulesInManaged (57ms)
				SetLoadedEditorAssemblies (1ms)
				RefreshPlugins (1ms)
				BeforeProcessingInitializeOnLoad (367ms)
				ProcessInitializeOnLoadAttributes (829ms)
				ProcessInitializeOnLoadMethodAttributes (154ms)
				AfterProcessingInitializeOnLoad (54ms)
				EditorAssembliesLoaded (1ms)
			ExecutionOrderSort2 (0ms)
			AwakeInstancesAfterBackupRestoration (37ms)
Platform modules already initialized, skipping
Refreshing native plugins compatible for Editor in 17.51 ms, found 4 plugins.
Preloading 0 native plugins for Editor in 0.00 ms.
Unloading 4046 Unused Serialized files (Serialized files now loaded: 0)
Unloading 30 unused Assets / (192.5 KB). Loaded Objects now: 4530.
Memory consumption went from 155.1 MB to 154.9 MB.
Total: 5.501500 ms (FindLiveObjects: 0.444200 ms CreateObjectMapping: 0.224800 ms MarkObjects: 4.609100 ms  DeleteObjects: 0.221400 ms)

AssetImportParameters requested are different than current active one (requested -> active):
  custom:video-decoder-ogg-theora: a1e56fd34408186e4bbccfd4996cb3dc -> 
  custom:container-muxer-webm: aa71ff27fc2769a1b78a27578f13a17b -> 
  custom:container-demuxer-webm: 4f35f7cbe854078d1ac9338744f61a02 -> 
  custom:video-encoder-webm-vp8: eb34c28f22e8b96e1ab97ce403110664 -> 
  custom:audio-encoder-webm-vorbis: bf7c407c2cedff20999df2af8eb42d56 -> 
  custom:framework-win-MediaFoundation: 216162199b28c13a410421893ffa2e32 -> 
  custom:container-demuxer-ogg: 62fdf1f143b41e24485cea50d1cbac27 -> 
  custom:video-decoder-webm-vp8: 9c59270c3fd7afecdb556c50c9e8de78 -> 
  custom:audio-decoder-ogg-vorbis: bf7c407c2cedff20999df2af8eb42d56 -> 
========================================================================
Received Prepare
Registering precompiled user dll's ...
Registered in 0.034112 seconds.
Begin MonoManager ReloadAssembly
Native extension for WindowsStandalone target not found
Native extension for WebGL target not found
Refreshing native plugins compatible for Editor in 1.92 ms, found 4 plugins.
Preloading 0 native plugins for Editor in 0.00 ms.
Mono: successfully reloaded assembly
- Completed reload, in  3.978 seconds
Domain Reload Profiling:
	ReloadAssembly (3981ms)
		BeginReloadAssembly (509ms)
			ExecutionOrderSort (0ms)
			DisableScriptedObjects (27ms)
			BackupInstance (0ms)
			ReleaseScriptingObjects (0ms)
			CreateAndSetChildDomain (113ms)
		EndReloadAssembly (3018ms)
			LoadAssemblies (435ms)
			RebuildTransferFunctionScriptingTraits (0ms)
			SetupTypeCache (824ms)
			ReleaseScriptCaches (3ms)
			RebuildScriptCaches (159ms)
			SetupLoadedEditorAssemblies (1480ms)
				LogAssemblyErrors (0ms)
				InitializePlatformSupportModulesInManaged (60ms)
				SetLoadedEditorAssemblies (1ms)
				RefreshPlugins (2ms)
				BeforeProcessingInitializeOnLoad (378ms)
				ProcessInitializeOnLoadAttributes (856ms)
				ProcessInitializeOnLoadMethodAttributes (131ms)
				AfterProcessingInitializeOnLoad (51ms)
				EditorAssembliesLoaded (0ms)
			ExecutionOrderSort2 (0ms)
			AwakeInstancesAfterBackupRestoration (33ms)
Platform modules already initialized, skipping
Refreshing native plugins compatible for Editor in 16.64 ms, found 4 plugins.
Preloading 0 native plugins for Editor in 0.00 ms.
Unloading 4046 Unused Serialized files (Serialized files now loaded: 0)
Unloading 30 unused Assets / (192.3 KB). Loaded Objects now: 4533.
Memory consumption went from 155.1 MB to 154.9 MB.
Total: 8.818600 ms (FindLiveObjects: 0.620000 ms CreateObjectMapping: 0.683900 ms MarkObjects: 7.038100 ms  DeleteObjects: 0.473700 ms)

AssetImportParameters requested are different than current active one (requested -> active):
  custom:video-decoder-ogg-theora: a1e56fd34408186e4bbccfd4996cb3dc -> 
  custom:container-muxer-webm: aa71ff27fc2769a1b78a27578f13a17b -> 
  custom:container-demuxer-webm: 4f35f7cbe854078d1ac9338744f61a02 -> 
  custom:video-encoder-webm-vp8: eb34c28f22e8b96e1ab97ce403110664 -> 
  custom:audio-encoder-webm-vorbis: bf7c407c2cedff20999df2af8eb42d56 -> 
  custom:framework-win-MediaFoundation: 216162199b28c13a410421893ffa2e32 -> 
  custom:container-demuxer-ogg: 62fdf1f143b41e24485cea50d1cbac27 -> 
  custom:video-decoder-webm-vp8: 9c59270c3fd7afecdb556c50c9e8de78 -> 
  custom:audio-decoder-ogg-vorbis: bf7c407c2cedff20999df2af8eb42d56 -> 
========================================================================
Received Prepare
Registering precompiled user dll's ...
Registered in 0.040064 seconds.
Begin MonoManager ReloadAssembly
Native extension for WindowsStandalone target not found
Native extension for WebGL target not found
Refreshing native plugins compatible for Editor in 2.49 ms, found 4 plugins.
Preloading 0 native plugins for Editor in 0.00 ms.
Mono: successfully reloaded assembly
- Completed reload, in  3.906 seconds
Domain Reload Profiling:
	ReloadAssembly (3908ms)
		BeginReloadAssembly (519ms)
			ExecutionOrderSort (0ms)
			DisableScriptedObjects (20ms)
			BackupInstance (0ms)
			ReleaseScriptingObjects (0ms)
			CreateAndSetChildDomain (135ms)
		EndReloadAssembly (3021ms)
			LoadAssemblies (429ms)
			RebuildTransferFunctionScriptingTraits (0ms)
			SetupTypeCache (817ms)
			ReleaseScriptCaches (3ms)
			RebuildScriptCaches (151ms)
			SetupLoadedEditorAssemblies (1425ms)
				LogAssemblyErrors (0ms)
				InitializePlatformSupportModulesInManaged (61ms)
				SetLoadedEditorAssemblies (1ms)
				RefreshPlugins (3ms)
				BeforeProcessingInitializeOnLoad (326ms)
				ProcessInitializeOnLoadAttributes (841ms)
				ProcessInitializeOnLoadMethodAttributes (136ms)
				AfterProcessingInitializeOnLoad (55ms)
				EditorAssembliesLoaded (1ms)
			ExecutionOrderSort2 (0ms)
			AwakeInstancesAfterBackupRestoration (36ms)
Platform modules already initialized, skipping
Refreshing native plugins compatible for Editor in 28.03 ms, found 4 plugins.
Preloading 0 native plugins for Editor in 0.00 ms.
Unloading 4046 Unused Serialized files (Serialized files now loaded: 0)
Unloading 30 unused Assets / (192.3 KB). Loaded Objects now: 4536.
Memory consumption went from 155.1 MB to 155.0 MB.
Total: 12.767500 ms (FindLiveObjects: 0.751300 ms CreateObjectMapping: 0.692700 ms MarkObjects: 10.940800 ms  DeleteObjects: 0.379200 ms)

AssetImportParameters requested are different than current active one (requested -> active):
  custom:video-decoder-ogg-theora: a1e56fd34408186e4bbccfd4996cb3dc -> 
  custom:container-muxer-webm: aa71ff27fc2769a1b78a27578f13a17b -> 
  custom:container-demuxer-webm: 4f35f7cbe854078d1ac9338744f61a02 -> 
  custom:video-encoder-webm-vp8: eb34c28f22e8b96e1ab97ce403110664 -> 
  custom:audio-encoder-webm-vorbis: bf7c407c2cedff20999df2af8eb42d56 -> 
  custom:framework-win-MediaFoundation: 216162199b28c13a410421893ffa2e32 -> 
  custom:container-demuxer-ogg: 62fdf1f143b41e24485cea50d1cbac27 -> 
  custom:video-decoder-webm-vp8: 9c59270c3fd7afecdb556c50c9e8de78 -> 
  custom:audio-decoder-ogg-vorbis: bf7c407c2cedff20999df2af8eb42d56 -> 
========================================================================
Received Prepare
Registering precompiled user dll's ...
Registered in 0.036917 seconds.
Begin MonoManager ReloadAssembly
Native extension for WindowsStandalone target not found
Native extension for WebGL target not found
Refreshing native plugins compatible for Editor in 3.39 ms, found 4 plugins.
Preloading 0 native plugins for Editor in 0.00 ms.
Mono: successfully reloaded assembly
- Completed reload, in  3.852 seconds
Domain Reload Profiling:
	ReloadAssembly (3855ms)
		BeginReloadAssembly (523ms)
			ExecutionOrderSort (0ms)
			DisableScriptedObjects (22ms)
			BackupInstance (0ms)
			ReleaseScriptingObjects (0ms)
			CreateAndSetChildDomain (113ms)
		EndReloadAssembly (2925ms)
			LoadAssemblies (442ms)
			RebuildTransferFunctionScriptingTraits (0ms)
			SetupTypeCache (818ms)
			ReleaseScriptCaches (3ms)
			RebuildScriptCaches (149ms)
			SetupLoadedEditorAssemblies (1427ms)
				LogAssemblyErrors (0ms)
				InitializePlatformSupportModulesInManaged (85ms)
				SetLoadedEditorAssemblies (2ms)
				RefreshPlugins (4ms)
				BeforeProcessingInitializeOnLoad (328ms)
				ProcessInitializeOnLoadAttributes (814ms)
				ProcessInitializeOnLoadMethodAttributes (135ms)
				AfterProcessingInitializeOnLoad (57ms)
				EditorAssembliesLoaded (1ms)
			ExecutionOrderSort2 (0ms)
			AwakeInstancesAfterBackupRestoration (36ms)
Platform modules already initialized, skipping
Refreshing native plugins compatible for Editor in 25.13 ms, found 4 plugins.
Preloading 0 native plugins for Editor in 0.00 ms.
Unloading 4046 Unused Serialized files (Serialized files now loaded: 0)
Unloading 30 unused Assets / (192.5 KB). Loaded Objects now: 4539.
Memory consumption went from 155.1 MB to 155.0 MB.
Total: 29.899300 ms (FindLiveObjects: 4.381000 ms CreateObjectMapping: 1.681200 ms MarkObjects: 23.393300 ms  DeleteObjects: 0.440300 ms)

AssetImportParameters requested are different than current active one (requested -> active):
  custom:video-decoder-ogg-theora: a1e56fd34408186e4bbccfd4996cb3dc -> 
  custom:container-muxer-webm: aa71ff27fc2769a1b78a27578f13a17b -> 
  custom:container-demuxer-webm: 4f35f7cbe854078d1ac9338744f61a02 -> 
  custom:video-encoder-webm-vp8: eb34c28f22e8b96e1ab97ce403110664 -> 
  custom:audio-encoder-webm-vorbis: bf7c407c2cedff20999df2af8eb42d56 -> 
  custom:framework-win-MediaFoundation: 216162199b28c13a410421893ffa2e32 -> 
  custom:container-demuxer-ogg: 62fdf1f143b41e24485cea50d1cbac27 -> 
  custom:video-decoder-webm-vp8: 9c59270c3fd7afecdb556c50c9e8de78 -> 
  custom:audio-decoder-ogg-vorbis: bf7c407c2cedff20999df2af8eb42d56 -> 
========================================================================
Received Import Request.
  Time since last request: 514.964649 seconds.
  path: Assets/Tiles/Badeba.prefab
  artifactKey: Guid(c79ac6abf1e020c41844d5ab085b6690) Importer(815301076,1909f56bfc062723c751e8b465ee728b)
Start importing Assets/Tiles/Badeba.prefab using Guid(c79ac6abf1e020c41844d5ab085b6690) Importer(815301076,1909f56bfc062723c751e8b465ee728b)  -> (artifact id: '9842f4c1a781efb8c3922cdd0b26d611') in 0.248337 seconds 
========================================================================
Received Import Request.
  Time since last request: 2.109952 seconds.
  path: Assets/Tiles/Badeba.prefab
  artifactKey: Guid(c79ac6abf1e020c41844d5ab085b6690) Importer(815301076,1909f56bfc062723c751e8b465ee728b)
Start importing Assets/Tiles/Badeba.prefab using Guid(c79ac6abf1e020c41844d5ab085b6690) Importer(815301076,1909f56bfc062723c751e8b465ee728b)  -> (artifact id: 'efa866a2b4b2841bb782baff64d59624') in 0.040578 seconds 
========================================================================
Received Import Request.
  Time since last request: 127.139690 seconds.
  path: Assets/Tiles/Square.png
  artifactKey: Guid(d3721efa2e627c84b92cb944b9d0d149) Importer(815301076,1909f56bfc062723c751e8b465ee728b)
Start importing Assets/Tiles/Square.png using Guid(d3721efa2e627c84b92cb944b9d0d149) Importer(815301076,1909f56bfc062723c751e8b465ee728b)  -> (artifact id: '5749ae6ff5a4dc287380b3676f481296') in 0.149356 seconds 
========================================================================
Received Import Request.
  Time since last request: 17.709436 seconds.
  path: Assets/Tiles/Deine Mtter.prefab
  artifactKey: Guid(edd2ac9c94e2ba24db3f7ee8d7792abc) Importer(815301076,1909f56bfc062723c751e8b465ee728b)
Start importing Assets/Tiles/Deine Mtter.prefab using Guid(edd2ac9c94e2ba24db3f7ee8d7792abc) Importer(815301076,1909f56bfc062723c751e8b465ee728b)  -> (artifact id: '63b9450a5b5626242074d808f9fef01e') in 0.040584 seconds 
========================================================================
Received Import Request.
  Time since last request: 37.498550 seconds.
  path: Assets/Tiles/Deine Mtter.prefab
  artifactKey: Guid(edd2ac9c94e2ba24db3f7ee8d7792abc) Importer(815301076,1909f56bfc062723c751e8b465ee728b)
Start importing Assets/Tiles/Deine Mtter.prefab using Guid(edd2ac9c94e2ba24db3f7ee8d7792abc) Importer(815301076,1909f56bfc062723c751e8b465ee728b)  -> (artifact id: '01934f2571e137911122f3440a60e318') in 0.044034 seconds 
========================================================================
Received Import Request.
  Time since last request: 0.000050 seconds.
  path: Assets/Tiles/Square.asset
  artifactKey: Guid(90477eb8e0f077f4083a88f0e1f2f959) Importer(815301076,1909f56bfc062723c751e8b465ee728b)
Start importing Assets/Tiles/Square.asset using Guid(90477eb8e0f077f4083a88f0e1f2f959) Importer(815301076,1909f56bfc062723c751e8b465ee728b)  -> (artifact id: 'ae46ca35fb5a267a8a4e6514f18566a8') in 0.044996 seconds 
========================================================================
Received Prepare
Registering precompiled user dll's ...
Registered in 0.037340 seconds.
Begin MonoManager ReloadAssembly
Native extension for WindowsStandalone target not found
Native extension for WebGL target not found
Refreshing native plugins compatible for Editor in 1.49 ms, found 4 plugins.
Preloading 0 native plugins for Editor in 0.00 ms.
Mono: successfully reloaded assembly
- Completed reload, in  4.261 seconds
Domain Reload Profiling:
	ReloadAssembly (4264ms)
		BeginReloadAssembly (590ms)
			ExecutionOrderSort (0ms)
			DisableScriptedObjects (39ms)
			BackupInstance (0ms)
			ReleaseScriptingObjects (0ms)
			CreateAndSetChildDomain (141ms)
		EndReloadAssembly (3178ms)
			LoadAssemblies (455ms)
			RebuildTransferFunctionScriptingTraits (0ms)
			SetupTypeCache (956ms)
			ReleaseScriptCaches (4ms)
			RebuildScriptCaches (199ms)
			SetupLoadedEditorAssemblies (1426ms)
				LogAssemblyErrors (0ms)
				InitializePlatformSupportModulesInManaged (74ms)
				SetLoadedEditorAssemblies (1ms)
				RefreshPlugins (2ms)
				BeforeProcessingInitializeOnLoad (318ms)
				ProcessInitializeOnLoadAttributes (844ms)
				ProcessInitializeOnLoadMethodAttributes (132ms)
				AfterProcessingInitializeOnLoad (54ms)
				EditorAssembliesLoaded (0ms)
			ExecutionOrderSort2 (0ms)
			AwakeInstancesAfterBackupRestoration (33ms)
Platform modules already initialized, skipping
Refreshing native plugins compatible for Editor in 10.62 ms, found 4 plugins.
Preloading 0 native plugins for Editor in 0.00 ms.
Unloading 4046 Unused Serialized files (Serialized files now loaded: 0)
Unloading 30 unused Assets / (192.3 KB). Loaded Objects now: 4543.
Memory consumption went from 155.2 MB to 155.0 MB.
Total: 6.558300 ms (FindLiveObjects: 0.413100 ms CreateObjectMapping: 0.409500 ms MarkObjects: 5.450500 ms  DeleteObjects: 0.283100 ms)

AssetImportParameters requested are different than current active one (requested -> active):
  custom:video-decoder-ogg-theora: a1e56fd34408186e4bbccfd4996cb3dc -> 
  custom:container-muxer-webm: aa71ff27fc2769a1b78a27578f13a17b -> 
  custom:container-demuxer-webm: 4f35f7cbe854078d1ac9338744f61a02 -> 
  custom:video-encoder-webm-vp8: eb34c28f22e8b96e1ab97ce403110664 -> 
  custom:audio-encoder-webm-vorbis: bf7c407c2cedff20999df2af8eb42d56 -> 
  custom:framework-win-MediaFoundation: 216162199b28c13a410421893ffa2e32 -> 
  custom:container-demuxer-ogg: 62fdf1f143b41e24485cea50d1cbac27 -> 
  custom:video-decoder-webm-vp8: 9c59270c3fd7afecdb556c50c9e8de78 -> 
  custom:audio-decoder-ogg-vorbis: bf7c407c2cedff20999df2af8eb42d56 -> 
========================================================================
Received Prepare
Registering precompiled user dll's ...
Registered in 0.034327 seconds.
Begin MonoManager ReloadAssembly
Native extension for WindowsStandalone target not found
Native extension for WebGL target not found
Refreshing native plugins compatible for Editor in 3.75 ms, found 4 plugins.
Preloading 0 native plugins for Editor in 0.00 ms.
Mono: successfully reloaded assembly
- Completed reload, in  3.903 seconds
Domain Reload Profiling:
	ReloadAssembly (3905ms)
		BeginReloadAssembly (519ms)
			ExecutionOrderSort (0ms)
			DisableScriptedObjects (21ms)
			BackupInstance (0ms)
			ReleaseScriptingObjects (0ms)
			CreateAndSetChildDomain (144ms)
		EndReloadAssembly (2958ms)
			LoadAssemblies (412ms)
			RebuildTransferFunctionScriptingTraits (0ms)
			SetupTypeCache (840ms)
			ReleaseScriptCaches (3ms)
			RebuildScriptCaches (150ms)
			SetupLoadedEditorAssemblies (1433ms)
				LogAssemblyErrors (0ms)
				InitializePlatformSupportModulesInManaged (78ms)
				SetLoadedEditorAssemblies (3ms)
				RefreshPlugins (4ms)
				BeforeProcessingInitializeOnLoad (346ms)
				ProcessInitializeOnLoadAttributes (794ms)
				ProcessInitializeOnLoadMethodAttributes (154ms)
				AfterProcessingInitializeOnLoad (53ms)
				EditorAssembliesLoaded (1ms)
			ExecutionOrderSort2 (0ms)
			AwakeInstancesAfterBackupRestoration (34ms)
Platform modules already initialized, skipping
Refreshing native plugins compatible for Editor in 98.75 ms, found 4 plugins.
Preloading 0 native plugins for Editor in 0.00 ms.
Unloading 4046 Unused Serialized files (Serialized files now loaded: 0)
Unloading 30 unused Assets / (192.4 KB). Loaded Objects now: 4546.
Memory consumption went from 155.2 MB to 155.0 MB.
Total: 14.545300 ms (FindLiveObjects: 1.341400 ms CreateObjectMapping: 0.445300 ms MarkObjects: 12.369900 ms  DeleteObjects: 0.385100 ms)

AssetImportParameters requested are different than current active one (requested -> active):
  custom:video-decoder-ogg-theora: a1e56fd34408186e4bbccfd4996cb3dc -> 
  custom:container-muxer-webm: aa71ff27fc2769a1b78a27578f13a17b -> 
  custom:container-demuxer-webm: 4f35f7cbe854078d1ac9338744f61a02 -> 
  custom:video-encoder-webm-vp8: eb34c28f22e8b96e1ab97ce403110664 -> 
  custom:audio-encoder-webm-vorbis: bf7c407c2cedff20999df2af8eb42d56 -> 
  custom:framework-win-MediaFoundation: 216162199b28c13a410421893ffa2e32 -> 
  custom:container-demuxer-ogg: 62fdf1f143b41e24485cea50d1cbac27 -> 
  custom:video-decoder-webm-vp8: 9c59270c3fd7afecdb556c50c9e8de78 -> 
  custom:audio-decoder-ogg-vorbis: bf7c407c2cedff20999df2af8eb42d56 -> 
========================================================================
Received Prepare
Registering precompiled user dll's ...
Registered in 0.034277 seconds.
Begin MonoManager ReloadAssembly
Native extension for WindowsStandalone target not found
Native extension for WebGL target not found
Refreshing native plugins compatible for Editor in 1.95 ms, found 4 plugins.
Preloading 0 native plugins for Editor in 0.00 ms.
Mono: successfully reloaded assembly
- Completed reload, in  4.313 seconds
Domain Reload Profiling:
	ReloadAssembly (4316ms)
		BeginReloadAssembly (586ms)
			ExecutionOrderSort (0ms)
			DisableScriptedObjects (21ms)
			BackupInstance (0ms)
			ReleaseScriptingObjects (0ms)
			CreateAndSetChildDomain (157ms)
		EndReloadAssembly (3339ms)
			LoadAssemblies (461ms)
			RebuildTransferFunctionScriptingTraits (0ms)
			SetupTypeCache (1023ms)
			ReleaseScriptCaches (3ms)
			RebuildScriptCaches (148ms)
			SetupLoadedEditorAssemblies (1610ms)
				LogAssemblyErrors (0ms)
				InitializePlatformSupportModulesInManaged (60ms)
				SetLoadedEditorAssemblies (2ms)
				RefreshPlugins (2ms)
				BeforeProcessingInitializeOnLoad (356ms)
				ProcessInitializeOnLoadAttributes (997ms)
				ProcessInitializeOnLoadMethodAttributes (132ms)
				AfterProcessingInitializeOnLoad (60ms)
				EditorAssembliesLoaded (0ms)
			ExecutionOrderSort2 (0ms)
			AwakeInstancesAfterBackupRestoration (38ms)
Platform modules already initialized, skipping
Refreshing native plugins compatible for Editor in 15.30 ms, found 4 plugins.
Preloading 0 native plugins for Editor in 0.00 ms.
Unloading 4046 Unused Serialized files (Serialized files now loaded: 0)
Unloading 30 unused Assets / (192.5 KB). Loaded Objects now: 4549.
Memory consumption went from 155.2 MB to 155.0 MB.
Total: 10.766100 ms (FindLiveObjects: 0.400300 ms CreateObjectMapping: 0.437600 ms MarkObjects: 9.164200 ms  DeleteObjects: 0.759700 ms)

AssetImportParameters requested are different than current active one (requested -> active):
  custom:video-decoder-ogg-theora: a1e56fd34408186e4bbccfd4996cb3dc -> 
  custom:container-muxer-webm: aa71ff27fc2769a1b78a27578f13a17b -> 
  custom:container-demuxer-webm: 4f35f7cbe854078d1ac9338744f61a02 -> 
  custom:video-encoder-webm-vp8: eb34c28f22e8b96e1ab97ce403110664 -> 
  custom:audio-encoder-webm-vorbis: bf7c407c2cedff20999df2af8eb42d56 -> 
  custom:framework-win-MediaFoundation: 216162199b28c13a410421893ffa2e32 -> 
  custom:container-demuxer-ogg: 62fdf1f143b41e24485cea50d1cbac27 -> 
  custom:video-decoder-webm-vp8: 9c59270c3fd7afecdb556c50c9e8de78 -> 
  custom:audio-decoder-ogg-vorbis: bf7c407c2cedff20999df2af8eb42d56 -> 
========================================================================
Received Import Request.
  Time since last request: 407.511541 seconds.
  path: Assets/Tiles/Deine Mtter.prefab
  artifactKey: Guid(edd2ac9c94e2ba24db3f7ee8d7792abc) Importer(815301076,1909f56bfc062723c751e8b465ee728b)
Start importing Assets/Tiles/Deine Mtter.prefab using Guid(edd2ac9c94e2ba24db3f7ee8d7792abc) Importer(815301076,1909f56bfc062723c751e8b465ee728b)  -> (artifact id: 'b2866be830b27521a7a5f4fe0808b26b') in 0.139853 seconds 
========================================================================
Received Import Request.
  Time since last request: 0.000036 seconds.
  path: Assets/Tiles/Square.asset
  artifactKey: Guid(90477eb8e0f077f4083a88f0e1f2f959) Importer(815301076,1909f56bfc062723c751e8b465ee728b)
Start importing Assets/Tiles/Square.asset using Guid(90477eb8e0f077f4083a88f0e1f2f959) Importer(815301076,1909f56bfc062723c751e8b465ee728b)  -> (artifact id: '9a1a461befb9207e3582b0904ac73d8a') in 0.052129 seconds 
