Using pre-set license
Built from '2020.3/release' branch; Version is '2020.3.2f1 (8fd9074bf66c) revision 9427207'; Using compiler version '192528614'; Build Type 'Release'
OS: 'Windows 10 Pro; OS build 19044.1706; Version 2009; 64bit' Language: 'en' Physical Memory: 16319 MB
BatchMode: 1, IsHumanControllingUs: 0, StartBugReporterOnCrash: 0, Is64bit: 1, IsPro: 0

 COMMAND LINE ARGUMENTS:
D:\uniti\2019.4.17f1\Editor\Unity.exe
-adb2
-batchMode
-noUpm
-name
AssetImportWorker0
-projectPath
C:/Users/bramn/Documents/GitHub/Timetravel/timetravel
-logFile
Logs/AssetImportWorker0.log
-srvPort
63199
Successfully changed project path to: C:/Users/bramn/Documents/GitHub/Timetravel/timetravel
C:/Users/bramn/Documents/GitHub/Timetravel/timetravel
Using Asset Import Pipeline V2.
Refreshing native plugins compatible for Editor in 44.78 ms, found 1 plugins.
Preloading 0 native plugins for Editor in 0.00 ms.
Initialize engine version: 2020.3.2f1 (8fd9074bf66c)
[Subsystems] Discovering subsystems at path D:/uniti/2019.4.17f1/Editor/Data/Resources/UnitySubsystems
[Subsystems] Discovering subsystems at path C:/Users/bramn/Documents/GitHub/Timetravel/timetravel/Assets
GfxDevice: creating device client; threaded=0
Direct3D:
    Version:  Direct3D 11.0 [level 11.1]
    Renderer: NVIDIA GeForce GTX 1070 (ID=0x1b81)
    Vendor:   
    VRAM:     8088 MB
    Driver:   27.21.14.5730
Initialize mono
Mono path[0] = 'D:/uniti/2019.4.17f1/Editor/Data/Managed'
Mono path[1] = 'D:/uniti/2019.4.17f1/Editor/Data/MonoBleedingEdge/lib/mono/unityjit'
Mono config path = 'D:/uniti/2019.4.17f1/Editor/Data/MonoBleedingEdge/etc'
Using monoOptions --debugger-agent=transport=dt_socket,embedding=1,server=y,suspend=n,address=127.0.0.1:56428
Begin MonoManager ReloadAssembly
Registering precompiled unity dll's ...
Register platform support module: D:/uniti/2019.4.17f1/Editor/Data/PlaybackEngines/WindowsStandaloneSupport/UnityEditor.WindowsStandalone.Extensions.dll
Registered in 0.001082 seconds.
Native extension for WindowsStandalone target not found
Refreshing native plugins compatible for Editor in 30.99 ms, found 1 plugins.
Preloading 0 native plugins for Editor in 0.00 ms.
Invoked RoslynAnalysisRunner static constructor.
RoslynAnalysisRunner will not be running.
RoslynAnalysisRunner has terminated.
Mono: successfully reloaded assembly
- Completed reload, in  0.917 seconds
Platform modules already initialized, skipping
Registering precompiled user dll's ...
Registered in 0.001101 seconds.
Begin MonoManager ReloadAssembly
Native extension for WindowsStandalone target not found
Refreshing native plugins compatible for Editor in 0.30 ms, found 1 plugins.
Preloading 0 native plugins for Editor in 0.00 ms.
Invoked RoslynAnalysisRunner static constructor.
RoslynAnalysisRunner will not be running.
RoslynAnalysisRunner has terminated.
Mono: successfully reloaded assembly
- Completed reload, in  0.902 seconds
Platform modules already initialized, skipping
========================================================================
Worker process is ready to serve import requests
Launched and connected shader compiler UnityShaderCompiler.exe after 0.05 seconds
Refreshing native plugins compatible for Editor in 0.32 ms, found 1 plugins.
Preloading 0 native plugins for Editor in 0.00 ms.
Unloading 1663 Unused Serialized files (Serialized files now loaded: 0)
System memory in use before: 100.0 MB.
System memory in use after: 100.1 MB.

Unloading 17 unused Assets to reduce memory usage. Loaded Objects now: 2131.
Total: 2.274200 ms (FindLiveObjects: 0.362800 ms CreateObjectMapping: 0.266100 ms MarkObjects: 1.623000 ms  DeleteObjects: 0.021000 ms)

========================================================================
Received Import Request.
  path: Assets/Tiles/main.prefab
  artifactKey: Guid(302cdbc0504cf9646b7f3a21ec6bfafb) Importer(815301076,1909f56bfc062723c751e8b465ee728b)
Start importing Assets/Tiles/main.prefab using Guid(302cdbc0504cf9646b7f3a21ec6bfafb) Importer(815301076,1909f56bfc062723c751e8b465ee728b)  -> (artifact id: '60bfce89e34138e6c64736ce68c63cc0') in 0.070201 seconds
  Import took 0.072717 seconds .

========================================================================
Received Import Request.
  Time since last request: 46.747250 seconds.
  path: Assets/Tiles/main.prefab
  artifactKey: Guid(302cdbc0504cf9646b7f3a21ec6bfafb) Importer(815301076,1909f56bfc062723c751e8b465ee728b)
Start importing Assets/Tiles/main.prefab using Guid(302cdbc0504cf9646b7f3a21ec6bfafb) Importer(815301076,1909f56bfc062723c751e8b465ee728b)  -> (artifact id: '540af43f5263db4b5b0149714447e51a') in 0.006331 seconds
  Import took 0.009176 seconds .

========================================================================
Received Import Request.
  Time since last request: 78.388637 seconds.
  path: Assets/Tiles/main.prefab
  artifactKey: Guid(302cdbc0504cf9646b7f3a21ec6bfafb) Importer(815301076,1909f56bfc062723c751e8b465ee728b)
Start importing Assets/Tiles/main.prefab using Guid(302cdbc0504cf9646b7f3a21ec6bfafb) Importer(815301076,1909f56bfc062723c751e8b465ee728b)  -> (artifact id: 'f6f9e21507214ae79394506dba668e2d') in 0.025582 seconds
  Import took 0.028298 seconds .

========================================================================
Received Import Request.
  Time since last request: 180.901487 seconds.
  path: Assets/Tiles/portalblock.asset
  artifactKey: Guid(57307fbbd44387d46b6f046b09e724c7) Importer(815301076,1909f56bfc062723c751e8b465ee728b)
Start importing Assets/Tiles/portalblock.asset using Guid(57307fbbd44387d46b6f046b09e724c7) Importer(815301076,1909f56bfc062723c751e8b465ee728b)  -> (artifact id: '704e196db14b0ee747d7aca757483efa') in 0.059282 seconds
  Import took 0.061826 seconds .

========================================================================
Received Prepare
Registering precompiled user dll's ...
Registered in 0.000881 seconds.
Begin MonoManager ReloadAssembly
Native extension for WindowsStandalone target not found
Refreshing native plugins compatible for Editor in 0.30 ms, found 1 plugins.
Preloading 0 native plugins for Editor in 0.00 ms.
Invoked RoslynAnalysisRunner static constructor.
RoslynAnalysisRunner will not be running.
RoslynAnalysisRunner has terminated.
Mono: successfully reloaded assembly
- Completed reload, in  0.798 seconds
Platform modules already initialized, skipping
Refreshing native plugins compatible for Editor in 0.34 ms, found 1 plugins.
Preloading 0 native plugins for Editor in 0.00 ms.
Unloading 1653 Unused Serialized files (Serialized files now loaded: 0)
System memory in use before: 102.6 MB.
System memory in use after: 102.7 MB.

Unloading 7 unused Assets to reduce memory usage. Loaded Objects now: 2138.
Total: 2.040900 ms (FindLiveObjects: 0.269600 ms CreateObjectMapping: 0.063500 ms MarkObjects: 1.688200 ms  DeleteObjects: 0.018100 ms)

========================================================================
Received Prepare
Registering precompiled user dll's ...
Registered in 0.000953 seconds.
Begin MonoManager ReloadAssembly
Native extension for WindowsStandalone target not found
Refreshing native plugins compatible for Editor in 0.30 ms, found 1 plugins.
Preloading 0 native plugins for Editor in 0.00 ms.
Invoked RoslynAnalysisRunner static constructor.
RoslynAnalysisRunner will not be running.
RoslynAnalysisRunner has terminated.
Mono: successfully reloaded assembly
- Completed reload, in  0.809 seconds
Platform modules already initialized, skipping
Refreshing native plugins compatible for Editor in 0.36 ms, found 1 plugins.
Preloading 0 native plugins for Editor in 0.00 ms.
Unloading 1653 Unused Serialized files (Serialized files now loaded: 0)
System memory in use before: 102.6 MB.
System memory in use after: 102.7 MB.

Unloading 7 unused Assets to reduce memory usage. Loaded Objects now: 2141.
Total: 1.709600 ms (FindLiveObjects: 0.190300 ms CreateObjectMapping: 0.056700 ms MarkObjects: 1.448200 ms  DeleteObjects: 0.013500 ms)

========================================================================
Received Prepare
Registering precompiled user dll's ...
Registered in 0.001154 seconds.
Begin MonoManager ReloadAssembly
Native extension for WindowsStandalone target not found
Refreshing native plugins compatible for Editor in 0.29 ms, found 1 plugins.
Preloading 0 native plugins for Editor in 0.00 ms.
Invoked RoslynAnalysisRunner static constructor.
RoslynAnalysisRunner will not be running.
RoslynAnalysisRunner has terminated.
Mono: successfully reloaded assembly
- Completed reload, in  0.762 seconds
Platform modules already initialized, skipping
Refreshing native plugins compatible for Editor in 0.38 ms, found 1 plugins.
Preloading 0 native plugins for Editor in 0.00 ms.
Unloading 1653 Unused Serialized files (Serialized files now loaded: 0)
System memory in use before: 102.6 MB.
System memory in use after: 102.7 MB.

Unloading 7 unused Assets to reduce memory usage. Loaded Objects now: 2144.
Total: 3.346700 ms (FindLiveObjects: 0.291700 ms CreateObjectMapping: 0.072200 ms MarkObjects: 2.961900 ms  DeleteObjects: 0.018900 ms)

========================================================================
Received Prepare
Registering precompiled user dll's ...
Registered in 0.001246 seconds.
Begin MonoManager ReloadAssembly
Native extension for WindowsStandalone target not found
Refreshing native plugins compatible for Editor in 0.45 ms, found 1 plugins.
Preloading 0 native plugins for Editor in 0.00 ms.
Invoked RoslynAnalysisRunner static constructor.
RoslynAnalysisRunner will not be running.
RoslynAnalysisRunner has terminated.
Mono: successfully reloaded assembly
- Completed reload, in  1.006 seconds
Platform modules already initialized, skipping
Refreshing native plugins compatible for Editor in 0.46 ms, found 1 plugins.
Preloading 0 native plugins for Editor in 0.00 ms.
Unloading 1653 Unused Serialized files (Serialized files now loaded: 0)
System memory in use before: 102.6 MB.
System memory in use after: 102.7 MB.

Unloading 7 unused Assets to reduce memory usage. Loaded Objects now: 2147.
Total: 1.894300 ms (FindLiveObjects: 0.159300 ms CreateObjectMapping: 0.057700 ms MarkObjects: 1.660400 ms  DeleteObjects: 0.015400 ms)

========================================================================
Received Prepare
Registering precompiled user dll's ...
Registered in 0.000891 seconds.
Begin MonoManager ReloadAssembly
Native extension for WindowsStandalone target not found
Refreshing native plugins compatible for Editor in 0.29 ms, found 1 plugins.
Preloading 0 native plugins for Editor in 0.00 ms.
Invoked RoslynAnalysisRunner static constructor.
RoslynAnalysisRunner will not be running.
RoslynAnalysisRunner has terminated.
Mono: successfully reloaded assembly
- Completed reload, in  0.760 seconds
Platform modules already initialized, skipping
Refreshing native plugins compatible for Editor in 0.34 ms, found 1 plugins.
Preloading 0 native plugins for Editor in 0.00 ms.
Unloading 1653 Unused Serialized files (Serialized files now loaded: 0)
System memory in use before: 102.6 MB.
System memory in use after: 102.8 MB.

Unloading 7 unused Assets to reduce memory usage. Loaded Objects now: 2150.
Total: 2.260800 ms (FindLiveObjects: 0.259700 ms CreateObjectMapping: 0.108700 ms MarkObjects: 1.871500 ms  DeleteObjects: 0.018800 ms)

========================================================================
Received Prepare
Registering precompiled user dll's ...
Registered in 0.001026 seconds.
Begin MonoManager ReloadAssembly
Native extension for WindowsStandalone target not found
Refreshing native plugins compatible for Editor in 0.43 ms, found 1 plugins.
Preloading 0 native plugins for Editor in 0.00 ms.
Invoked RoslynAnalysisRunner static constructor.
RoslynAnalysisRunner will not be running.
RoslynAnalysisRunner has terminated.
Mono: successfully reloaded assembly
- Completed reload, in  1.015 seconds
Platform modules already initialized, skipping
Refreshing native plugins compatible for Editor in 0.31 ms, found 1 plugins.
Preloading 0 native plugins for Editor in 0.00 ms.
Unloading 1653 Unused Serialized files (Serialized files now loaded: 0)
System memory in use before: 102.7 MB.
System memory in use after: 102.8 MB.

Unloading 7 unused Assets to reduce memory usage. Loaded Objects now: 2153.
Total: 2.175200 ms (FindLiveObjects: 0.207900 ms CreateObjectMapping: 0.122500 ms MarkObjects: 1.826900 ms  DeleteObjects: 0.016400 ms)

========================================================================
Received Prepare
Registering precompiled user dll's ...
Registered in 0.000917 seconds.
Begin MonoManager ReloadAssembly
Native extension for WindowsStandalone target not found
Refreshing native plugins compatible for Editor in 0.29 ms, found 1 plugins.
Preloading 0 native plugins for Editor in 0.00 ms.
Invoked RoslynAnalysisRunner static constructor.
RoslynAnalysisRunner will not be running.
RoslynAnalysisRunner has terminated.
Mono: successfully reloaded assembly
- Completed reload, in  0.757 seconds
Platform modules already initialized, skipping
Refreshing native plugins compatible for Editor in 0.37 ms, found 1 plugins.
Preloading 0 native plugins for Editor in 0.00 ms.
Unloading 1653 Unused Serialized files (Serialized files now loaded: 0)
System memory in use before: 102.7 MB.
System memory in use after: 102.8 MB.

Unloading 7 unused Assets to reduce memory usage. Loaded Objects now: 2156.
Total: 2.130300 ms (FindLiveObjects: 0.224800 ms CreateObjectMapping: 0.076000 ms MarkObjects: 1.811300 ms  DeleteObjects: 0.016900 ms)

========================================================================
Received Prepare
Registering precompiled user dll's ...
Registered in 0.000886 seconds.
Begin MonoManager ReloadAssembly
Native extension for WindowsStandalone target not found
Refreshing native plugins compatible for Editor in 0.29 ms, found 1 plugins.
Preloading 0 native plugins for Editor in 0.00 ms.
Invoked RoslynAnalysisRunner static constructor.
RoslynAnalysisRunner will not be running.
RoslynAnalysisRunner has terminated.
Mono: successfully reloaded assembly
- Completed reload, in  0.780 seconds
Platform modules already initialized, skipping
Refreshing native plugins compatible for Editor in 0.30 ms, found 1 plugins.
Preloading 0 native plugins for Editor in 0.00 ms.
Unloading 1653 Unused Serialized files (Serialized files now loaded: 0)
System memory in use before: 102.7 MB.
System memory in use after: 102.8 MB.

Unloading 7 unused Assets to reduce memory usage. Loaded Objects now: 2159.
Total: 1.696800 ms (FindLiveObjects: 0.164000 ms CreateObjectMapping: 0.053600 ms MarkObjects: 1.459400 ms  DeleteObjects: 0.018900 ms)

========================================================================
Received Prepare
Registering precompiled user dll's ...
Registered in 0.001089 seconds.
Begin MonoManager ReloadAssembly
Native extension for WindowsStandalone target not found
Refreshing native plugins compatible for Editor in 0.30 ms, found 1 plugins.
Preloading 0 native plugins for Editor in 0.00 ms.
Invoked RoslynAnalysisRunner static constructor.
RoslynAnalysisRunner will not be running.
RoslynAnalysisRunner has terminated.
Mono: successfully reloaded assembly
- Completed reload, in  0.780 seconds
Platform modules already initialized, skipping
Refreshing native plugins compatible for Editor in 0.30 ms, found 1 plugins.
Preloading 0 native plugins for Editor in 0.00 ms.
Unloading 1653 Unused Serialized files (Serialized files now loaded: 0)
System memory in use before: 102.7 MB.
System memory in use after: 102.8 MB.

Unloading 7 unused Assets to reduce memory usage. Loaded Objects now: 2162.
Total: 1.677000 ms (FindLiveObjects: 0.175400 ms CreateObjectMapping: 0.062200 ms MarkObjects: 1.423900 ms  DeleteObjects: 0.014600 ms)

========================================================================
Received Prepare
Registering precompiled user dll's ...
Registered in 0.001115 seconds.
Begin MonoManager ReloadAssembly
Native extension for WindowsStandalone target not found
Refreshing native plugins compatible for Editor in 0.48 ms, found 1 plugins.
Preloading 0 native plugins for Editor in 0.00 ms.
Invoked RoslynAnalysisRunner static constructor.
RoslynAnalysisRunner will not be running.
RoslynAnalysisRunner has terminated.
Mono: successfully reloaded assembly
- Completed reload, in  0.756 seconds
Platform modules already initialized, skipping
Refreshing native plugins compatible for Editor in 0.37 ms, found 1 plugins.
Preloading 0 native plugins for Editor in 0.00 ms.
Unloading 1653 Unused Serialized files (Serialized files now loaded: 0)
System memory in use before: 102.7 MB.
System memory in use after: 102.8 MB.

Unloading 7 unused Assets to reduce memory usage. Loaded Objects now: 2165.
Total: 1.793100 ms (FindLiveObjects: 0.188400 ms CreateObjectMapping: 0.059400 ms MarkObjects: 1.529600 ms  DeleteObjects: 0.014300 ms)

========================================================================
Received Prepare
Registering precompiled user dll's ...
Registered in 0.000949 seconds.
Begin MonoManager ReloadAssembly
Native extension for WindowsStandalone target not found
Refreshing native plugins compatible for Editor in 0.29 ms, found 1 plugins.
Preloading 0 native plugins for Editor in 0.00 ms.
Invoked RoslynAnalysisRunner static constructor.
RoslynAnalysisRunner will not be running.
RoslynAnalysisRunner has terminated.
Mono: successfully reloaded assembly
- Completed reload, in  0.751 seconds
Platform modules already initialized, skipping
Refreshing native plugins compatible for Editor in 0.34 ms, found 1 plugins.
Preloading 0 native plugins for Editor in 0.00 ms.
Unloading 1653 Unused Serialized files (Serialized files now loaded: 0)
System memory in use before: 102.7 MB.
System memory in use after: 102.8 MB.

Unloading 7 unused Assets to reduce memory usage. Loaded Objects now: 2168.
Total: 2.120400 ms (FindLiveObjects: 0.314500 ms CreateObjectMapping: 0.086300 ms MarkObjects: 1.702500 ms  DeleteObjects: 0.015800 ms)

========================================================================
Received Prepare
Registering precompiled user dll's ...
Registered in 0.003068 seconds.
Begin MonoManager ReloadAssembly
Native extension for WindowsStandalone target not found
Refreshing native plugins compatible for Editor in 0.29 ms, found 1 plugins.
Preloading 0 native plugins for Editor in 0.00 ms.
Invoked RoslynAnalysisRunner static constructor.
RoslynAnalysisRunner will not be running.
RoslynAnalysisRunner has terminated.
Mono: successfully reloaded assembly
- Completed reload, in  0.752 seconds
Platform modules already initialized, skipping
Refreshing native plugins compatible for Editor in 0.34 ms, found 1 plugins.
Preloading 0 native plugins for Editor in 0.00 ms.
Unloading 1653 Unused Serialized files (Serialized files now loaded: 0)
System memory in use before: 102.7 MB.
System memory in use after: 102.8 MB.

Unloading 7 unused Assets to reduce memory usage. Loaded Objects now: 2171.
Total: 2.495000 ms (FindLiveObjects: 0.275000 ms CreateObjectMapping: 0.097100 ms MarkObjects: 2.103400 ms  DeleteObjects: 0.018300 ms)

========================================================================
Received Prepare
Registering precompiled user dll's ...
Registered in 0.000947 seconds.
Begin MonoManager ReloadAssembly
Native extension for WindowsStandalone target not found
Refreshing native plugins compatible for Editor in 0.29 ms, found 1 plugins.
Preloading 0 native plugins for Editor in 0.00 ms.
Invoked RoslynAnalysisRunner static constructor.
RoslynAnalysisRunner will not be running.
RoslynAnalysisRunner has terminated.
Mono: successfully reloaded assembly
- Completed reload, in  0.751 seconds
Platform modules already initialized, skipping
Refreshing native plugins compatible for Editor in 0.32 ms, found 1 plugins.
Preloading 0 native plugins for Editor in 0.00 ms.
Unloading 1653 Unused Serialized files (Serialized files now loaded: 0)
System memory in use before: 102.7 MB.
System memory in use after: 102.8 MB.

Unloading 7 unused Assets to reduce memory usage. Loaded Objects now: 2174.
Total: 2.014000 ms (FindLiveObjects: 0.365900 ms CreateObjectMapping: 0.065900 ms MarkObjects: 1.566800 ms  DeleteObjects: 0.014500 ms)

========================================================================
Received Prepare
Registering precompiled user dll's ...
Registered in 0.000883 seconds.
Begin MonoManager ReloadAssembly
Native extension for WindowsStandalone target not found
Refreshing native plugins compatible for Editor in 0.29 ms, found 1 plugins.
Preloading 0 native plugins for Editor in 0.00 ms.
Invoked RoslynAnalysisRunner static constructor.
RoslynAnalysisRunner will not be running.
RoslynAnalysisRunner has terminated.
Mono: successfully reloaded assembly
- Completed reload, in  0.747 seconds
Platform modules already initialized, skipping
Refreshing native plugins compatible for Editor in 0.32 ms, found 1 plugins.
Preloading 0 native plugins for Editor in 0.00 ms.
Unloading 1653 Unused Serialized files (Serialized files now loaded: 0)
System memory in use before: 102.7 MB.
System memory in use after: 102.8 MB.

Unloading 7 unused Assets to reduce memory usage. Loaded Objects now: 2177.
Total: 1.659300 ms (FindLiveObjects: 0.156200 ms CreateObjectMapping: 0.048400 ms MarkObjects: 1.440800 ms  DeleteObjects: 0.013000 ms)

========================================================================
Received Prepare
Registering precompiled user dll's ...
Registered in 0.000950 seconds.
Begin MonoManager ReloadAssembly
Native extension for WindowsStandalone target not found
Refreshing native plugins compatible for Editor in 0.29 ms, found 1 plugins.
Preloading 0 native plugins for Editor in 0.00 ms.
Invoked RoslynAnalysisRunner static constructor.
RoslynAnalysisRunner will not be running.
RoslynAnalysisRunner has terminated.
Mono: successfully reloaded assembly
- Completed reload, in  0.763 seconds
Platform modules already initialized, skipping
Refreshing native plugins compatible for Editor in 0.31 ms, found 1 plugins.
Preloading 0 native plugins for Editor in 0.00 ms.
Unloading 1653 Unused Serialized files (Serialized files now loaded: 0)
System memory in use before: 102.7 MB.
System memory in use after: 102.8 MB.

Unloading 7 unused Assets to reduce memory usage. Loaded Objects now: 2180.
Total: 1.731600 ms (FindLiveObjects: 0.168000 ms CreateObjectMapping: 0.054400 ms MarkObjects: 1.495000 ms  DeleteObjects: 0.013200 ms)

========================================================================
Received Prepare
Registering precompiled user dll's ...
Registered in 0.000951 seconds.
Begin MonoManager ReloadAssembly
Native extension for WindowsStandalone target not found
Refreshing native plugins compatible for Editor in 0.29 ms, found 1 plugins.
Preloading 0 native plugins for Editor in 0.00 ms.
Invoked RoslynAnalysisRunner static constructor.
RoslynAnalysisRunner will not be running.
RoslynAnalysisRunner has terminated.
Mono: successfully reloaded assembly
- Completed reload, in  0.753 seconds
Platform modules already initialized, skipping
Refreshing native plugins compatible for Editor in 0.30 ms, found 1 plugins.
Preloading 0 native plugins for Editor in 0.00 ms.
Unloading 1653 Unused Serialized files (Serialized files now loaded: 0)
System memory in use before: 102.7 MB.
System memory in use after: 102.8 MB.

Unloading 7 unused Assets to reduce memory usage. Loaded Objects now: 2183.
Total: 1.798400 ms (FindLiveObjects: 0.279100 ms CreateObjectMapping: 0.088500 ms MarkObjects: 1.414600 ms  DeleteObjects: 0.015100 ms)

========================================================================
Received Prepare
Registering precompiled user dll's ...
Registered in 0.000918 seconds.
Begin MonoManager ReloadAssembly
Native extension for WindowsStandalone target not found
Refreshing native plugins compatible for Editor in 0.29 ms, found 1 plugins.
Preloading 0 native plugins for Editor in 0.00 ms.
Invoked RoslynAnalysisRunner static constructor.
RoslynAnalysisRunner will not be running.
RoslynAnalysisRunner has terminated.
Mono: successfully reloaded assembly
- Completed reload, in  0.772 seconds
Platform modules already initialized, skipping
Refreshing native plugins compatible for Editor in 0.33 ms, found 1 plugins.
Preloading 0 native plugins for Editor in 0.00 ms.
Unloading 1653 Unused Serialized files (Serialized files now loaded: 0)
System memory in use before: 102.7 MB.
System memory in use after: 102.8 MB.

Unloading 7 unused Assets to reduce memory usage. Loaded Objects now: 2186.
Total: 2.740700 ms (FindLiveObjects: 0.442900 ms CreateObjectMapping: 0.171400 ms MarkObjects: 2.104700 ms  DeleteObjects: 0.020500 ms)

========================================================================
Received Prepare
Registering precompiled user dll's ...
Registered in 0.000924 seconds.
Begin MonoManager ReloadAssembly
Native extension for WindowsStandalone target not found
Refreshing native plugins compatible for Editor in 0.29 ms, found 1 plugins.
Preloading 0 native plugins for Editor in 0.00 ms.
Invoked RoslynAnalysisRunner static constructor.
RoslynAnalysisRunner will not be running.
RoslynAnalysisRunner has terminated.
Mono: successfully reloaded assembly
- Completed reload, in  0.731 seconds
Platform modules already initialized, skipping
Refreshing native plugins compatible for Editor in 0.33 ms, found 1 plugins.
Preloading 0 native plugins for Editor in 0.00 ms.
Unloading 1653 Unused Serialized files (Serialized files now loaded: 0)
System memory in use before: 102.7 MB.
System memory in use after: 102.9 MB.

Unloading 7 unused Assets to reduce memory usage. Loaded Objects now: 2189.
Total: 1.705400 ms (FindLiveObjects: 0.162900 ms CreateObjectMapping: 0.050400 ms MarkObjects: 1.478200 ms  DeleteObjects: 0.013100 ms)

========================================================================
Received Prepare
Registering precompiled user dll's ...
Registered in 0.001190 seconds.
Begin MonoManager ReloadAssembly
Native extension for WindowsStandalone target not found
Refreshing native plugins compatible for Editor in 0.33 ms, found 1 plugins.
Preloading 0 native plugins for Editor in 0.00 ms.
Invoked RoslynAnalysisRunner static constructor.
RoslynAnalysisRunner will not be running.
RoslynAnalysisRunner has terminated.
Mono: successfully reloaded assembly
- Completed reload, in  0.933 seconds
Platform modules already initialized, skipping
Refreshing native plugins compatible for Editor in 0.29 ms, found 1 plugins.
Preloading 0 native plugins for Editor in 0.00 ms.
Unloading 1653 Unused Serialized files (Serialized files now loaded: 0)
System memory in use before: 102.8 MB.
System memory in use after: 102.9 MB.

Unloading 7 unused Assets to reduce memory usage. Loaded Objects now: 2192.
Total: 1.763800 ms (FindLiveObjects: 0.162500 ms CreateObjectMapping: 0.068900 ms MarkObjects: 1.514400 ms  DeleteObjects: 0.016200 ms)

========================================================================
Received Prepare
Registering precompiled user dll's ...
Registered in 0.000934 seconds.
Begin MonoManager ReloadAssembly
Native extension for WindowsStandalone target not found
Refreshing native plugins compatible for Editor in 0.39 ms, found 1 plugins.
Preloading 0 native plugins for Editor in 0.00 ms.
Invoked RoslynAnalysisRunner static constructor.
RoslynAnalysisRunner will not be running.
RoslynAnalysisRunner has terminated.
Mono: successfully reloaded assembly
- Completed reload, in  0.926 seconds
Platform modules already initialized, skipping
Refreshing native plugins compatible for Editor in 0.47 ms, found 1 plugins.
Preloading 0 native plugins for Editor in 0.00 ms.
Unloading 1653 Unused Serialized files (Serialized files now loaded: 0)
System memory in use before: 102.8 MB.
System memory in use after: 102.9 MB.

Unloading 7 unused Assets to reduce memory usage. Loaded Objects now: 2195.
Total: 2.468800 ms (FindLiveObjects: 0.424200 ms CreateObjectMapping: 0.152100 ms MarkObjects: 1.871200 ms  DeleteObjects: 0.019700 ms)

========================================================================
Received Prepare
Registering precompiled user dll's ...
Registered in 0.000933 seconds.
Begin MonoManager ReloadAssembly
Native extension for WindowsStandalone target not found
Refreshing native plugins compatible for Editor in 0.29 ms, found 1 plugins.
Preloading 0 native plugins for Editor in 0.00 ms.
Invoked RoslynAnalysisRunner static constructor.
RoslynAnalysisRunner will not be running.
RoslynAnalysisRunner has terminated.
Mono: successfully reloaded assembly
- Completed reload, in  0.860 seconds
Platform modules already initialized, skipping
Refreshing native plugins compatible for Editor in 0.38 ms, found 1 plugins.
Preloading 0 native plugins for Editor in 0.00 ms.
Unloading 1653 Unused Serialized files (Serialized files now loaded: 0)
System memory in use before: 102.8 MB.
System memory in use after: 102.9 MB.

Unloading 7 unused Assets to reduce memory usage. Loaded Objects now: 2198.
Total: 2.026200 ms (FindLiveObjects: 0.177000 ms CreateObjectMapping: 0.094000 ms MarkObjects: 1.736600 ms  DeleteObjects: 0.017100 ms)

========================================================================
Received Prepare
Registering precompiled user dll's ...
Registered in 0.000922 seconds.
Begin MonoManager ReloadAssembly
Native extension for WindowsStandalone target not found
Refreshing native plugins compatible for Editor in 0.32 ms, found 1 plugins.
Preloading 0 native plugins for Editor in 0.00 ms.
Invoked RoslynAnalysisRunner static constructor.
RoslynAnalysisRunner will not be running.
RoslynAnalysisRunner has terminated.
Mono: successfully reloaded assembly
- Completed reload, in  0.736 seconds
Platform modules already initialized, skipping
Refreshing native plugins compatible for Editor in 0.30 ms, found 1 plugins.
Preloading 0 native plugins for Editor in 0.00 ms.
Unloading 1653 Unused Serialized files (Serialized files now loaded: 0)
System memory in use before: 102.8 MB.
System memory in use after: 102.9 MB.

Unloading 7 unused Assets to reduce memory usage. Loaded Objects now: 2201.
Total: 2.047700 ms (FindLiveObjects: 0.291600 ms CreateObjectMapping: 0.107700 ms MarkObjects: 1.625700 ms  DeleteObjects: 0.021000 ms)

========================================================================
Received Prepare
Registering precompiled user dll's ...
Registered in 0.000988 seconds.
Begin MonoManager ReloadAssembly
Native extension for WindowsStandalone target not found
Refreshing native plugins compatible for Editor in 0.31 ms, found 1 plugins.
Preloading 0 native plugins for Editor in 0.00 ms.
Invoked RoslynAnalysisRunner static constructor.
RoslynAnalysisRunner will not be running.
RoslynAnalysisRunner has terminated.
Mono: successfully reloaded assembly
- Completed reload, in  0.756 seconds
Platform modules already initialized, skipping
Refreshing native plugins compatible for Editor in 0.33 ms, found 1 plugins.
Preloading 0 native plugins for Editor in 0.00 ms.
Unloading 1653 Unused Serialized files (Serialized files now loaded: 0)
System memory in use before: 102.8 MB.
System memory in use after: 102.9 MB.

Unloading 7 unused Assets to reduce memory usage. Loaded Objects now: 2204.
Total: 1.776800 ms (FindLiveObjects: 0.192200 ms CreateObjectMapping: 0.063600 ms MarkObjects: 1.504900 ms  DeleteObjects: 0.014900 ms)

========================================================================
Received Prepare
Registering precompiled user dll's ...
Registered in 0.000912 seconds.
Begin MonoManager ReloadAssembly
Native extension for WindowsStandalone target not found
Refreshing native plugins compatible for Editor in 0.29 ms, found 1 plugins.
Preloading 0 native plugins for Editor in 0.00 ms.
Invoked RoslynAnalysisRunner static constructor.
RoslynAnalysisRunner will not be running.
RoslynAnalysisRunner has terminated.
Mono: successfully reloaded assembly
- Completed reload, in  0.734 seconds
Platform modules already initialized, skipping
Refreshing native plugins compatible for Editor in 0.30 ms, found 1 plugins.
Preloading 0 native plugins for Editor in 0.00 ms.
Unloading 1653 Unused Serialized files (Serialized files now loaded: 0)
System memory in use before: 102.8 MB.
System memory in use after: 102.9 MB.

Unloading 7 unused Assets to reduce memory usage. Loaded Objects now: 2207.
Total: 3.788400 ms (FindLiveObjects: 0.708900 ms CreateObjectMapping: 0.949600 ms MarkObjects: 2.109900 ms  DeleteObjects: 0.018400 ms)

========================================================================
Received Prepare
Registering precompiled user dll's ...
Registered in 0.000969 seconds.
Begin MonoManager ReloadAssembly
Native extension for WindowsStandalone target not found
Refreshing native plugins compatible for Editor in 0.32 ms, found 1 plugins.
Preloading 0 native plugins for Editor in 0.00 ms.
Invoked RoslynAnalysisRunner static constructor.
RoslynAnalysisRunner will not be running.
RoslynAnalysisRunner has terminated.
Mono: successfully reloaded assembly
- Completed reload, in  0.785 seconds
Platform modules already initialized, skipping
Refreshing native plugins compatible for Editor in 0.34 ms, found 1 plugins.
Preloading 0 native plugins for Editor in 0.00 ms.
Unloading 1653 Unused Serialized files (Serialized files now loaded: 0)
System memory in use before: 102.8 MB.
System memory in use after: 102.9 MB.

Unloading 7 unused Assets to reduce memory usage. Loaded Objects now: 2210.
Total: 1.734200 ms (FindLiveObjects: 0.162000 ms CreateObjectMapping: 0.052000 ms MarkObjects: 1.505000 ms  DeleteObjects: 0.014200 ms)

========================================================================
Received Import Request.
  Time since last request: 1307.434467 seconds.
  path: Assets/Tiles/main.prefab
  artifactKey: Guid(302cdbc0504cf9646b7f3a21ec6bfafb) Importer(815301076,1909f56bfc062723c751e8b465ee728b)
Start importing Assets/Tiles/main.prefab using Guid(302cdbc0504cf9646b7f3a21ec6bfafb) Importer(815301076,1909f56bfc062723c751e8b465ee728b)  -> (artifact id: '20fd13498de98fcbfdd8c1b50f8952ce') in 0.028763 seconds
  Import took 0.031424 seconds .

========================================================================
Received Import Request.
  Time since last request: 68.466345 seconds.
  path: Assets/Tiles/main.prefab
  artifactKey: Guid(302cdbc0504cf9646b7f3a21ec6bfafb) Importer(815301076,1909f56bfc062723c751e8b465ee728b)
Start importing Assets/Tiles/main.prefab using Guid(302cdbc0504cf9646b7f3a21ec6bfafb) Importer(815301076,1909f56bfc062723c751e8b465ee728b)  -> (artifact id: '3931174a868f3b1d7b361ae72398754a') in 0.004882 seconds
  Import took 0.008200 seconds .

========================================================================
Received Import Request.
  Time since last request: 2.280698 seconds.
  path: Assets/Tiles/main.prefab
  artifactKey: Guid(302cdbc0504cf9646b7f3a21ec6bfafb) Importer(815301076,1909f56bfc062723c751e8b465ee728b)
Start importing Assets/Tiles/main.prefab using Guid(302cdbc0504cf9646b7f3a21ec6bfafb) Importer(815301076,1909f56bfc062723c751e8b465ee728b)  -> (artifact id: '620621b29ed1d4f131ac71ca7a382b27') in 0.004930 seconds
  Import took 0.007726 seconds .

========================================================================
Received Import Request.
  Time since last request: 1.752774 seconds.
  path: Assets/Tiles/main.prefab
  artifactKey: Guid(302cdbc0504cf9646b7f3a21ec6bfafb) Importer(815301076,1909f56bfc062723c751e8b465ee728b)
Start importing Assets/Tiles/main.prefab using Guid(302cdbc0504cf9646b7f3a21ec6bfafb) Importer(815301076,1909f56bfc062723c751e8b465ee728b)  -> (artifact id: 'ae4bef1564140d220499d77cd105a764') in 0.005763 seconds
  Import took 0.008331 seconds .

========================================================================
Received Prepare
Registering precompiled user dll's ...
Registered in 0.000965 seconds.
Begin MonoManager ReloadAssembly
Native extension for WindowsStandalone target not found
Refreshing native plugins compatible for Editor in 0.34 ms, found 1 plugins.
Preloading 0 native plugins for Editor in 0.00 ms.
Invoked RoslynAnalysisRunner static constructor.
RoslynAnalysisRunner will not be running.
RoslynAnalysisRunner has terminated.
Mono: successfully reloaded assembly
- Completed reload, in  0.807 seconds
Platform modules already initialized, skipping
Refreshing native plugins compatible for Editor in 0.31 ms, found 1 plugins.
Preloading 0 native plugins for Editor in 0.00 ms.
Unloading 1653 Unused Serialized files (Serialized files now loaded: 0)
System memory in use before: 102.8 MB.
System memory in use after: 102.9 MB.

Unloading 7 unused Assets to reduce memory usage. Loaded Objects now: 2213.
Total: 2.092700 ms (FindLiveObjects: 0.181300 ms CreateObjectMapping: 0.122300 ms MarkObjects: 1.771600 ms  DeleteObjects: 0.015800 ms)

========================================================================
Received Import Request.
  Time since last request: 98.255223 seconds.
  path: Assets/Tiles/main.prefab
  artifactKey: Guid(302cdbc0504cf9646b7f3a21ec6bfafb) Importer(815301076,1909f56bfc062723c751e8b465ee728b)
Start importing Assets/Tiles/main.prefab using Guid(302cdbc0504cf9646b7f3a21ec6bfafb) Importer(815301076,1909f56bfc062723c751e8b465ee728b)  -> (artifact id: '5dbec36822977c21827148e0f4ad2b66') in 0.024352 seconds
  Import took 0.027026 seconds .

========================================================================
Received Import Request.
  Time since last request: 0.291674 seconds.
  path: Assets/Tiles/main.prefab
  artifactKey: Guid(302cdbc0504cf9646b7f3a21ec6bfafb) Importer(815301076,1909f56bfc062723c751e8b465ee728b)
Start importing Assets/Tiles/main.prefab using Guid(302cdbc0504cf9646b7f3a21ec6bfafb) Importer(815301076,1909f56bfc062723c751e8b465ee728b)  -> (artifact id: '9ad9173b5e72627d3aa257e496010302') in 0.019587 seconds
  Import took 0.022011 seconds .

========================================================================
Received Import Request.
  Time since last request: 1.777804 seconds.
  path: Assets/Tiles/main.prefab
  artifactKey: Guid(302cdbc0504cf9646b7f3a21ec6bfafb) Importer(815301076,1909f56bfc062723c751e8b465ee728b)
Start importing Assets/Tiles/main.prefab using Guid(302cdbc0504cf9646b7f3a21ec6bfafb) Importer(815301076,1909f56bfc062723c751e8b465ee728b)  -> (artifact id: '17e69b3ef5ba0dc148ae8ea9d005fbb6') in 0.005888 seconds
  Import took 0.008404 seconds .

========================================================================
Received Import Request.
  Time since last request: 1.472274 seconds.
  path: Assets/Tiles/main.prefab
  artifactKey: Guid(302cdbc0504cf9646b7f3a21ec6bfafb) Importer(815301076,1909f56bfc062723c751e8b465ee728b)
Start importing Assets/Tiles/main.prefab using Guid(302cdbc0504cf9646b7f3a21ec6bfafb) Importer(815301076,1909f56bfc062723c751e8b465ee728b)  -> (artifact id: 'ee304b653d30492576006239ad7c575e') in 0.006934 seconds
  Import took 0.009764 seconds .

========================================================================
Received Import Request.
  Time since last request: 2.661665 seconds.
  path: Assets/Tiles/main.prefab
  artifactKey: Guid(302cdbc0504cf9646b7f3a21ec6bfafb) Importer(815301076,1909f56bfc062723c751e8b465ee728b)
Start importing Assets/Tiles/main.prefab using Guid(302cdbc0504cf9646b7f3a21ec6bfafb) Importer(815301076,1909f56bfc062723c751e8b465ee728b)  -> (artifact id: '3208960e6fd701d42258f272fa9508c5') in 0.004452 seconds
  Import took 0.008498 seconds .

========================================================================
Received Import Request.
  Time since last request: 1.704378 seconds.
  path: Assets/Tiles/main.prefab
  artifactKey: Guid(302cdbc0504cf9646b7f3a21ec6bfafb) Importer(815301076,1909f56bfc062723c751e8b465ee728b)
Start importing Assets/Tiles/main.prefab using Guid(302cdbc0504cf9646b7f3a21ec6bfafb) Importer(815301076,1909f56bfc062723c751e8b465ee728b)  -> (artifact id: '56cc42547bc1bc1310c152dffee22ea6') in 0.004834 seconds
  Import took 0.010327 seconds .

========================================================================
Received Import Request.
  Time since last request: 1.502026 seconds.
  path: Assets/Tiles/main.prefab
  artifactKey: Guid(302cdbc0504cf9646b7f3a21ec6bfafb) Importer(815301076,1909f56bfc062723c751e8b465ee728b)
Start importing Assets/Tiles/main.prefab using Guid(302cdbc0504cf9646b7f3a21ec6bfafb) Importer(815301076,1909f56bfc062723c751e8b465ee728b)  -> (artifact id: '16eec5d19baf68ec44c117c3cebea8ec') in 0.006359 seconds
  Import took 0.009087 seconds .

========================================================================
Received Import Request.
  Time since last request: 3.373907 seconds.
  path: Assets/Tiles/main.prefab
  artifactKey: Guid(302cdbc0504cf9646b7f3a21ec6bfafb) Importer(815301076,1909f56bfc062723c751e8b465ee728b)
Start importing Assets/Tiles/main.prefab using Guid(302cdbc0504cf9646b7f3a21ec6bfafb) Importer(815301076,1909f56bfc062723c751e8b465ee728b)  -> (artifact id: '7e6bc7eb9c3040b3cf2d0fe785cece9a') in 0.004121 seconds
  Import took 0.008258 seconds .

========================================================================
Received Import Request.
  Time since last request: 1.662275 seconds.
  path: Assets/Tiles/main.prefab
  artifactKey: Guid(302cdbc0504cf9646b7f3a21ec6bfafb) Importer(815301076,1909f56bfc062723c751e8b465ee728b)
Start importing Assets/Tiles/main.prefab using Guid(302cdbc0504cf9646b7f3a21ec6bfafb) Importer(815301076,1909f56bfc062723c751e8b465ee728b)  -> (artifact id: 'b922d659289788859cae1c4aed3025ea') in 0.006575 seconds
  Import took 0.009530 seconds .

========================================================================
Received Import Request.
  Time since last request: 1.787505 seconds.
  path: Assets/Tiles/main.prefab
  artifactKey: Guid(302cdbc0504cf9646b7f3a21ec6bfafb) Importer(815301076,1909f56bfc062723c751e8b465ee728b)
Start importing Assets/Tiles/main.prefab using Guid(302cdbc0504cf9646b7f3a21ec6bfafb) Importer(815301076,1909f56bfc062723c751e8b465ee728b)  -> (artifact id: '67ba3546ef98badd74eeb61f37dff867') in 0.003930 seconds
  Import took 0.008202 seconds .

========================================================================
Received Import Request.
  Time since last request: 1.670848 seconds.
  path: Assets/Tiles/main.prefab
  artifactKey: Guid(302cdbc0504cf9646b7f3a21ec6bfafb) Importer(815301076,1909f56bfc062723c751e8b465ee728b)
Start importing Assets/Tiles/main.prefab using Guid(302cdbc0504cf9646b7f3a21ec6bfafb) Importer(815301076,1909f56bfc062723c751e8b465ee728b)  -> (artifact id: '2d45976e3bde3b5f9862cd586e3dd25c') in 0.003791 seconds
  Import took 0.006409 seconds .

========================================================================
Received Prepare
Registering precompiled user dll's ...
Registered in 0.001137 seconds.
Begin MonoManager ReloadAssembly
Native extension for WindowsStandalone target not found
Refreshing native plugins compatible for Editor in 0.32 ms, found 1 plugins.
Preloading 0 native plugins for Editor in 0.00 ms.
Invoked RoslynAnalysisRunner static constructor.
RoslynAnalysisRunner will not be running.
RoslynAnalysisRunner has terminated.
Mono: successfully reloaded assembly
- Completed reload, in  0.809 seconds
Platform modules already initialized, skipping
Refreshing native plugins compatible for Editor in 0.42 ms, found 1 plugins.
Preloading 0 native plugins for Editor in 0.00 ms.
Unloading 1653 Unused Serialized files (Serialized files now loaded: 0)
System memory in use before: 102.8 MB.
System memory in use after: 102.9 MB.

Unloading 7 unused Assets to reduce memory usage. Loaded Objects now: 2216.
Total: 1.937500 ms (FindLiveObjects: 0.187900 ms CreateObjectMapping: 0.057000 ms MarkObjects: 1.676700 ms  DeleteObjects: 0.014500 ms)

========================================================================
Received Import Request.
  Time since last request: 214.490539 seconds.
  path: Assets/Tiles/main.prefab
  artifactKey: Guid(302cdbc0504cf9646b7f3a21ec6bfafb) Importer(815301076,1909f56bfc062723c751e8b465ee728b)
Start importing Assets/Tiles/main.prefab using Guid(302cdbc0504cf9646b7f3a21ec6bfafb) Importer(815301076,1909f56bfc062723c751e8b465ee728b)  -> (artifact id: '431e46eaf6a377b9ce8ee182ce74ef6b') in 0.029784 seconds
  Import took 0.033677 seconds .

========================================================================
Received Import Request.
  Time since last request: 0.642186 seconds.
  path: Assets/Tiles/main.prefab
  artifactKey: Guid(302cdbc0504cf9646b7f3a21ec6bfafb) Importer(815301076,1909f56bfc062723c751e8b465ee728b)
Start importing Assets/Tiles/main.prefab using Guid(302cdbc0504cf9646b7f3a21ec6bfafb) Importer(815301076,1909f56bfc062723c751e8b465ee728b)  -> (artifact id: '3bc18e12f7670087eb4e41a5af45919c') in 0.006542 seconds
  Import took 0.009600 seconds .

========================================================================
Received Import Request.
  Time since last request: 1.121064 seconds.
  path: Assets/Tiles/main.prefab
  artifactKey: Guid(302cdbc0504cf9646b7f3a21ec6bfafb) Importer(815301076,1909f56bfc062723c751e8b465ee728b)
Start importing Assets/Tiles/main.prefab using Guid(302cdbc0504cf9646b7f3a21ec6bfafb) Importer(815301076,1909f56bfc062723c751e8b465ee728b)  -> (artifact id: 'cce3626e9a3eef8bc97ab5e15d4428bf') in 0.004008 seconds
  Import took 0.009362 seconds .

========================================================================
Received Import Request.
  Time since last request: 1.168078 seconds.
  path: Assets/Tiles/main.prefab
  artifactKey: Guid(302cdbc0504cf9646b7f3a21ec6bfafb) Importer(815301076,1909f56bfc062723c751e8b465ee728b)
Start importing Assets/Tiles/main.prefab using Guid(302cdbc0504cf9646b7f3a21ec6bfafb) Importer(815301076,1909f56bfc062723c751e8b465ee728b)  -> (artifact id: '72cec6a2f70275583dd88adb12b3a361') in 0.007104 seconds
  Import took 0.009659 seconds .

========================================================================
Received Import Request.
  Time since last request: 1.124248 seconds.
  path: Assets/Tiles/main.prefab
  artifactKey: Guid(302cdbc0504cf9646b7f3a21ec6bfafb) Importer(815301076,1909f56bfc062723c751e8b465ee728b)
Start importing Assets/Tiles/main.prefab using Guid(302cdbc0504cf9646b7f3a21ec6bfafb) Importer(815301076,1909f56bfc062723c751e8b465ee728b)  -> (artifact id: 'ff54de8e777903901dbbcdc875ba1cc2') in 0.006369 seconds
  Import took 0.009029 seconds .

========================================================================
Received Import Request.
  Time since last request: 3.540564 seconds.
  path: Assets/Tiles/main.prefab
  artifactKey: Guid(302cdbc0504cf9646b7f3a21ec6bfafb) Importer(815301076,1909f56bfc062723c751e8b465ee728b)
Start importing Assets/Tiles/main.prefab using Guid(302cdbc0504cf9646b7f3a21ec6bfafb) Importer(815301076,1909f56bfc062723c751e8b465ee728b)  -> (artifact id: '5dd08bac40bab8af96ea22068ec17c8e') in 0.004199 seconds
  Import took 0.009612 seconds .

========================================================================
Received Prepare
Registering precompiled user dll's ...
Registered in 0.001060 seconds.
Begin MonoManager ReloadAssembly
Native extension for WindowsStandalone target not found
Refreshing native plugins compatible for Editor in 0.29 ms, found 1 plugins.
Preloading 0 native plugins for Editor in 0.00 ms.
Invoked RoslynAnalysisRunner static constructor.
RoslynAnalysisRunner will not be running.
RoslynAnalysisRunner has terminated.
Mono: successfully reloaded assembly
- Completed reload, in  0.779 seconds
Platform modules already initialized, skipping
Refreshing native plugins compatible for Editor in 0.57 ms, found 1 plugins.
Preloading 0 native plugins for Editor in 0.00 ms.
Unloading 1653 Unused Serialized files (Serialized files now loaded: 0)
System memory in use before: 102.8 MB.
System memory in use after: 102.9 MB.

Unloading 7 unused Assets to reduce memory usage. Loaded Objects now: 2219.
Total: 1.971700 ms (FindLiveObjects: 0.171600 ms CreateObjectMapping: 0.058100 ms MarkObjects: 1.726700 ms  DeleteObjects: 0.014200 ms)

========================================================================
Received Import Request.
  Time since last request: 78.865079 seconds.
  path: Assets/Tiles/Square.asset
  artifactKey: Guid(90477eb8e0f077f4083a88f0e1f2f959) Importer(815301076,1909f56bfc062723c751e8b465ee728b)
Start importing Assets/Tiles/Square.asset using Guid(90477eb8e0f077f4083a88f0e1f2f959) Importer(815301076,1909f56bfc062723c751e8b465ee728b)  -> (artifact id: '96e4b129a8348822b563c30b2b65c815') in 0.051992 seconds
  Import took 0.054690 seconds .

========================================================================
Received Prepare
Registering precompiled user dll's ...
Registered in 0.000953 seconds.
Begin MonoManager ReloadAssembly
Native extension for WindowsStandalone target not found
Refreshing native plugins compatible for Editor in 0.30 ms, found 1 plugins.
Preloading 0 native plugins for Editor in 0.00 ms.
Invoked RoslynAnalysisRunner static constructor.
RoslynAnalysisRunner will not be running.
RoslynAnalysisRunner has terminated.
Mono: successfully reloaded assembly
- Completed reload, in  0.757 seconds
Platform modules already initialized, skipping
Refreshing native plugins compatible for Editor in 0.30 ms, found 1 plugins.
Preloading 0 native plugins for Editor in 0.00 ms.
Unloading 1653 Unused Serialized files (Serialized files now loaded: 0)
System memory in use before: 102.8 MB.
System memory in use after: 103.0 MB.

Unloading 7 unused Assets to reduce memory usage. Loaded Objects now: 2223.
Total: 1.770100 ms (FindLiveObjects: 0.163900 ms CreateObjectMapping: 0.051700 ms MarkObjects: 1.540700 ms  DeleteObjects: 0.013100 ms)

========================================================================
Received Prepare
Registering precompiled user dll's ...
Registered in 0.000912 seconds.
Begin MonoManager ReloadAssembly
Native extension for WindowsStandalone target not found
Refreshing native plugins compatible for Editor in 0.29 ms, found 1 plugins.
Preloading 0 native plugins for Editor in 0.00 ms.
Invoked RoslynAnalysisRunner static constructor.
RoslynAnalysisRunner will not be running.
RoslynAnalysisRunner has terminated.
Mono: successfully reloaded assembly
- Completed reload, in  0.764 seconds
Platform modules already initialized, skipping
Refreshing native plugins compatible for Editor in 0.34 ms, found 1 plugins.
Preloading 0 native plugins for Editor in 0.00 ms.
Unloading 1653 Unused Serialized files (Serialized files now loaded: 0)
System memory in use before: 102.8 MB.
System memory in use after: 103.0 MB.

Unloading 7 unused Assets to reduce memory usage. Loaded Objects now: 2226.
Total: 1.868200 ms (FindLiveObjects: 0.199700 ms CreateObjectMapping: 0.081100 ms MarkObjects: 1.571600 ms  DeleteObjects: 0.014400 ms)

========================================================================
Received Prepare
Registering precompiled user dll's ...
Registered in 0.001149 seconds.
Begin MonoManager ReloadAssembly
Native extension for WindowsStandalone target not found
Refreshing native plugins compatible for Editor in 0.29 ms, found 1 plugins.
Preloading 0 native plugins for Editor in 0.00 ms.
Invoked RoslynAnalysisRunner static constructor.
RoslynAnalysisRunner will not be running.
RoslynAnalysisRunner has terminated.
Mono: successfully reloaded assembly
- Completed reload, in  0.849 seconds
Platform modules already initialized, skipping
Refreshing native plugins compatible for Editor in 0.33 ms, found 1 plugins.
Preloading 0 native plugins for Editor in 0.00 ms.
Unloading 1653 Unused Serialized files (Serialized files now loaded: 0)
System memory in use before: 102.9 MB.
System memory in use after: 103.0 MB.

Unloading 7 unused Assets to reduce memory usage. Loaded Objects now: 2229.
Total: 2.930000 ms (FindLiveObjects: 0.211000 ms CreateObjectMapping: 0.065800 ms MarkObjects: 2.598800 ms  DeleteObjects: 0.052700 ms)

========================================================================
Received Prepare
Registering precompiled user dll's ...
Registered in 0.001627 seconds.
Begin MonoManager ReloadAssembly
Native extension for WindowsStandalone target not found
Refreshing native plugins compatible for Editor in 0.30 ms, found 1 plugins.
Preloading 0 native plugins for Editor in 0.00 ms.
Invoked RoslynAnalysisRunner static constructor.
RoslynAnalysisRunner will not be running.
RoslynAnalysisRunner has terminated.
Mono: successfully reloaded assembly
- Completed reload, in  0.746 seconds
Platform modules already initialized, skipping
Refreshing native plugins compatible for Editor in 0.32 ms, found 1 plugins.
Preloading 0 native plugins for Editor in 0.00 ms.
Unloading 1653 Unused Serialized files (Serialized files now loaded: 0)
System memory in use before: 102.9 MB.
System memory in use after: 103.0 MB.

Unloading 7 unused Assets to reduce memory usage. Loaded Objects now: 2232.
Total: 1.954200 ms (FindLiveObjects: 0.222200 ms CreateObjectMapping: 0.123200 ms MarkObjects: 1.593300 ms  DeleteObjects: 0.014100 ms)

========================================================================
Received Prepare
Registering precompiled user dll's ...
Registered in 0.004972 seconds.
Begin MonoManager ReloadAssembly
Native extension for WindowsStandalone target not found
Refreshing native plugins compatible for Editor in 0.32 ms, found 1 plugins.
Preloading 0 native plugins for Editor in 0.00 ms.
Invoked RoslynAnalysisRunner static constructor.
RoslynAnalysisRunner will not be running.
RoslynAnalysisRunner has terminated.
Mono: successfully reloaded assembly
- Completed reload, in  0.929 seconds
Platform modules already initialized, skipping
Refreshing native plugins compatible for Editor in 0.39 ms, found 1 plugins.
Preloading 0 native plugins for Editor in 0.00 ms.
Unloading 1653 Unused Serialized files (Serialized files now loaded: 0)
System memory in use before: 102.9 MB.
System memory in use after: 103.0 MB.

Unloading 7 unused Assets to reduce memory usage. Loaded Objects now: 2235.
Total: 7.367600 ms (FindLiveObjects: 1.882000 ms CreateObjectMapping: 0.793400 ms MarkObjects: 4.674800 ms  DeleteObjects: 0.015900 ms)

========================================================================
Received Import Request.
  Time since last request: 3534.337879 seconds.
  path: Assets/Tiles/main.prefab
  artifactKey: Guid(302cdbc0504cf9646b7f3a21ec6bfafb) Importer(815301076,1909f56bfc062723c751e8b465ee728b)
Start importing Assets/Tiles/main.prefab using Guid(302cdbc0504cf9646b7f3a21ec6bfafb) Importer(815301076,1909f56bfc062723c751e8b465ee728b)  -> (artifact id: '982e16f1a2fe44b393356bb086819334') in 0.033305 seconds
  Import took 0.036106 seconds .

========================================================================
Received Prepare
Registering precompiled user dll's ...
Registered in 0.000969 seconds.
Begin MonoManager ReloadAssembly
Native extension for WindowsStandalone target not found
Refreshing native plugins compatible for Editor in 0.29 ms, found 1 plugins.
Preloading 0 native plugins for Editor in 0.00 ms.
Invoked RoslynAnalysisRunner static constructor.
RoslynAnalysisRunner will not be running.
RoslynAnalysisRunner has terminated.
Mono: successfully reloaded assembly
- Completed reload, in  0.747 seconds
Platform modules already initialized, skipping
Refreshing native plugins compatible for Editor in 0.30 ms, found 1 plugins.
Preloading 0 native plugins for Editor in 0.00 ms.
Unloading 1653 Unused Serialized files (Serialized files now loaded: 0)
System memory in use before: 102.9 MB.
System memory in use after: 103.0 MB.

Unloading 7 unused Assets to reduce memory usage. Loaded Objects now: 2238.
Total: 2.225700 ms (FindLiveObjects: 0.208800 ms CreateObjectMapping: 0.065700 ms MarkObjects: 1.934000 ms  DeleteObjects: 0.015500 ms)

========================================================================
Received Import Request.
  Time since last request: 87.672534 seconds.
  path: Assets/Tiles/Square.asset
  artifactKey: Guid(90477eb8e0f077f4083a88f0e1f2f959) Importer(815301076,1909f56bfc062723c751e8b465ee728b)
Start importing Assets/Tiles/Square.asset using Guid(90477eb8e0f077f4083a88f0e1f2f959) Importer(815301076,1909f56bfc062723c751e8b465ee728b)  -> (artifact id: '9f8d4280ae6d4b4c836aec3b43200e3c') in 0.047674 seconds
  Import took 0.050580 seconds .

========================================================================
Received Prepare
Registering precompiled user dll's ...
Registered in 0.000924 seconds.
Begin MonoManager ReloadAssembly
Native extension for WindowsStandalone target not found
Refreshing native plugins compatible for Editor in 0.36 ms, found 1 plugins.
Preloading 0 native plugins for Editor in 0.00 ms.
Invoked RoslynAnalysisRunner static constructor.
RoslynAnalysisRunner will not be running.
RoslynAnalysisRunner has terminated.
Mono: successfully reloaded assembly
- Completed reload, in  0.746 seconds
Platform modules already initialized, skipping
Refreshing native plugins compatible for Editor in 0.33 ms, found 1 plugins.
Preloading 0 native plugins for Editor in 0.00 ms.
Unloading 1653 Unused Serialized files (Serialized files now loaded: 0)
System memory in use before: 102.9 MB.
System memory in use after: 103.0 MB.

Unloading 7 unused Assets to reduce memory usage. Loaded Objects now: 2242.
Total: 1.981900 ms (FindLiveObjects: 0.215600 ms CreateObjectMapping: 0.077300 ms MarkObjects: 1.671500 ms  DeleteObjects: 0.016400 ms)

========================================================================
Received Prepare
Registering precompiled user dll's ...
Registered in 0.000946 seconds.
Begin MonoManager ReloadAssembly
Native extension for WindowsStandalone target not found
Refreshing native plugins compatible for Editor in 0.30 ms, found 1 plugins.
Preloading 0 native plugins for Editor in 0.00 ms.
Invoked RoslynAnalysisRunner static constructor.
RoslynAnalysisRunner will not be running.
RoslynAnalysisRunner has terminated.
Mono: successfully reloaded assembly
- Completed reload, in  0.751 seconds
Platform modules already initialized, skipping
Refreshing native plugins compatible for Editor in 0.41 ms, found 1 plugins.
Preloading 0 native plugins for Editor in 0.00 ms.
Unloading 1653 Unused Serialized files (Serialized files now loaded: 0)
System memory in use before: 102.9 MB.
System memory in use after: 103.0 MB.

Unloading 7 unused Assets to reduce memory usage. Loaded Objects now: 2245.
Total: 1.917000 ms (FindLiveObjects: 0.242500 ms CreateObjectMapping: 0.068800 ms MarkObjects: 1.589100 ms  DeleteObjects: 0.015400 ms)

========================================================================
Received Prepare
Registering precompiled user dll's ...
Registered in 0.001037 seconds.
Begin MonoManager ReloadAssembly
Native extension for WindowsStandalone target not found
Refreshing native plugins compatible for Editor in 0.30 ms, found 1 plugins.
Preloading 0 native plugins for Editor in 0.00 ms.
Invoked RoslynAnalysisRunner static constructor.
RoslynAnalysisRunner will not be running.
RoslynAnalysisRunner has terminated.
Mono: successfully reloaded assembly
- Completed reload, in  0.741 seconds
Platform modules already initialized, skipping
Refreshing native plugins compatible for Editor in 0.32 ms, found 1 plugins.
Preloading 0 native plugins for Editor in 0.00 ms.
Unloading 1653 Unused Serialized files (Serialized files now loaded: 0)
System memory in use before: 102.9 MB.
System memory in use after: 103.0 MB.

Unloading 7 unused Assets to reduce memory usage. Loaded Objects now: 2248.
Total: 2.157000 ms (FindLiveObjects: 0.214300 ms CreateObjectMapping: 0.083900 ms MarkObjects: 1.839800 ms  DeleteObjects: 0.017100 ms)

========================================================================
Received Prepare
Registering precompiled user dll's ...
Registered in 0.001047 seconds.
Begin MonoManager ReloadAssembly
Native extension for WindowsStandalone target not found
Refreshing native plugins compatible for Editor in 0.32 ms, found 1 plugins.
Preloading 0 native plugins for Editor in 0.00 ms.
Invoked RoslynAnalysisRunner static constructor.
RoslynAnalysisRunner will not be running.
RoslynAnalysisRunner has terminated.
Mono: successfully reloaded assembly
- Completed reload, in  0.752 seconds
Platform modules already initialized, skipping
Refreshing native plugins compatible for Editor in 0.34 ms, found 1 plugins.
Preloading 0 native plugins for Editor in 0.00 ms.
Unloading 1653 Unused Serialized files (Serialized files now loaded: 0)
System memory in use before: 102.9 MB.
System memory in use after: 103.0 MB.

Unloading 7 unused Assets to reduce memory usage. Loaded Objects now: 2251.
Total: 2.005800 ms (FindLiveObjects: 0.179400 ms CreateObjectMapping: 0.057200 ms MarkObjects: 1.751500 ms  DeleteObjects: 0.016700 ms)

========================================================================
Received Import Request.
  Time since last request: 327.052516 seconds.
  path: Assets/Tiles/New Physic Material.physicMaterial
  artifactKey: Guid(901d74ca4ccb7d847bd1b5f1d526f84b) Importer(815301076,1909f56bfc062723c751e8b465ee728b)
Start importing Assets/Tiles/New Physic Material.physicMaterial using Guid(901d74ca4ccb7d847bd1b5f1d526f84b) Importer(815301076,1909f56bfc062723c751e8b465ee728b)  -> (artifact id: '4aeaccf494d0960034379b6ab3d93c90') in 0.016363 seconds
  Import took 0.019207 seconds .

========================================================================
Received Import Request.
  Time since last request: 12.739475 seconds.
  path: Assets/Tiles/New Physics Material 2D.physicsMaterial2D
  artifactKey: Guid(7d54b7d4039c3334497273f87ae7b3dc) Importer(815301076,1909f56bfc062723c751e8b465ee728b)
Start importing Assets/Tiles/New Physics Material 2D.physicsMaterial2D using Guid(7d54b7d4039c3334497273f87ae7b3dc) Importer(815301076,1909f56bfc062723c751e8b465ee728b)  -> (artifact id: '2fa732f17e254015ab3635beb8b60b37') in 0.009832 seconds
  Import took 0.012600 seconds .

========================================================================
Received Import Request.
  Time since last request: 8.024715 seconds.
  path: Assets/Tiles/New Physics Material 2D.physicsMaterial2D
  artifactKey: Guid(7d54b7d4039c3334497273f87ae7b3dc) Importer(815301076,1909f56bfc062723c751e8b465ee728b)
Start importing Assets/Tiles/New Physics Material 2D.physicsMaterial2D using Guid(7d54b7d4039c3334497273f87ae7b3dc) Importer(815301076,1909f56bfc062723c751e8b465ee728b)  -> (artifact id: 'da62b9addf163b81f9178f9e11ec12b4') in 0.003308 seconds
  Import took 0.007151 seconds .

========================================================================
Received Import Request.
  Time since last request: 0.003867 seconds.
  path: Assets/Tiles/New Physics Material 2D.physicsMaterial2D
  artifactKey: Guid(7d54b7d4039c3334497273f87ae7b3dc) Importer(815301076,1909f56bfc062723c751e8b465ee728b)
Start importing Assets/Tiles/New Physics Material 2D.physicsMaterial2D using Guid(7d54b7d4039c3334497273f87ae7b3dc) Importer(815301076,1909f56bfc062723c751e8b465ee728b)  -> (artifact id: 'da62b9addf163b81f9178f9e11ec12b4') in 0.004232 seconds
  Import took 0.006731 seconds .

========================================================================
Received Import Request.
  Time since last request: 11.258584 seconds.
  path: Assets/Tiles/New Physics Material 2D.physicsMaterial2D
  artifactKey: Guid(7d54b7d4039c3334497273f87ae7b3dc) Importer(815301076,1909f56bfc062723c751e8b465ee728b)
Start importing Assets/Tiles/New Physics Material 2D.physicsMaterial2D using Guid(7d54b7d4039c3334497273f87ae7b3dc) Importer(815301076,1909f56bfc062723c751e8b465ee728b)  -> (artifact id: 'db5f676430d552d297c68a2b2b3e61c9') in 0.003161 seconds
  Import took 0.006071 seconds .

========================================================================
Received Import Request.
  Time since last request: 0.003245 seconds.
  path: Assets/Tiles/New Physics Material 2D.physicsMaterial2D
  artifactKey: Guid(7d54b7d4039c3334497273f87ae7b3dc) Importer(815301076,1909f56bfc062723c751e8b465ee728b)
Start importing Assets/Tiles/New Physics Material 2D.physicsMaterial2D using Guid(7d54b7d4039c3334497273f87ae7b3dc) Importer(815301076,1909f56bfc062723c751e8b465ee728b)  -> (artifact id: 'db5f676430d552d297c68a2b2b3e61c9') in 0.003707 seconds
  Import took 0.006628 seconds .

========================================================================
Received Prepare
Registering precompiled user dll's ...
Registered in 0.000910 seconds.
Begin MonoManager ReloadAssembly
Native extension for WindowsStandalone target not found
Refreshing native plugins compatible for Editor in 0.29 ms, found 1 plugins.
Preloading 0 native plugins for Editor in 0.00 ms.
Invoked RoslynAnalysisRunner static constructor.
RoslynAnalysisRunner will not be running.
RoslynAnalysisRunner has terminated.
Mono: successfully reloaded assembly
- Completed reload, in  0.736 seconds
Platform modules already initialized, skipping
Refreshing native plugins compatible for Editor in 0.30 ms, found 1 plugins.
Preloading 0 native plugins for Editor in 0.00 ms.
Unloading 1653 Unused Serialized files (Serialized files now loaded: 0)
System memory in use before: 102.9 MB.
System memory in use after: 103.0 MB.

Unloading 7 unused Assets to reduce memory usage. Loaded Objects now: 2254.
Total: 2.259800 ms (FindLiveObjects: 0.181900 ms CreateObjectMapping: 0.068500 ms MarkObjects: 1.990700 ms  DeleteObjects: 0.017600 ms)

========================================================================
Received Prepare
Registering precompiled user dll's ...
Registered in 0.001058 seconds.
Begin MonoManager ReloadAssembly
Native extension for WindowsStandalone target not found
Refreshing native plugins compatible for Editor in 0.29 ms, found 1 plugins.
Preloading 0 native plugins for Editor in 0.00 ms.
Invoked RoslynAnalysisRunner static constructor.
RoslynAnalysisRunner will not be running.
RoslynAnalysisRunner has terminated.
Mono: successfully reloaded assembly
- Completed reload, in  0.769 seconds
Platform modules already initialized, skipping
Refreshing native plugins compatible for Editor in 0.29 ms, found 1 plugins.
Preloading 0 native plugins for Editor in 0.00 ms.
Unloading 1653 Unused Serialized files (Serialized files now loaded: 0)
System memory in use before: 102.9 MB.
System memory in use after: 103.0 MB.

Unloading 7 unused Assets to reduce memory usage. Loaded Objects now: 2257.
Total: 1.779200 ms (FindLiveObjects: 0.170700 ms CreateObjectMapping: 0.051700 ms MarkObjects: 1.543200 ms  DeleteObjects: 0.012900 ms)

========================================================================
Received Prepare
Registering precompiled user dll's ...
Registered in 0.000989 seconds.
Begin MonoManager ReloadAssembly
Native extension for WindowsStandalone target not found
Refreshing native plugins compatible for Editor in 0.32 ms, found 1 plugins.
Preloading 0 native plugins for Editor in 0.00 ms.
Invoked RoslynAnalysisRunner static constructor.
RoslynAnalysisRunner will not be running.
RoslynAnalysisRunner has terminated.
Mono: successfully reloaded assembly
- Completed reload, in  0.743 seconds
Platform modules already initialized, skipping
Refreshing native plugins compatible for Editor in 0.31 ms, found 1 plugins.
Preloading 0 native plugins for Editor in 0.00 ms.
Unloading 1653 Unused Serialized files (Serialized files now loaded: 0)
System memory in use before: 102.9 MB.
System memory in use after: 103.1 MB.

Unloading 7 unused Assets to reduce memory usage. Loaded Objects now: 2260.
Total: 1.933600 ms (FindLiveObjects: 0.187700 ms CreateObjectMapping: 0.066000 ms MarkObjects: 1.663400 ms  DeleteObjects: 0.015600 ms)

========================================================================
Received Prepare
Registering precompiled user dll's ...
Registered in 0.000923 seconds.
Begin MonoManager ReloadAssembly
Native extension for WindowsStandalone target not found
Refreshing native plugins compatible for Editor in 0.30 ms, found 1 plugins.
Preloading 0 native plugins for Editor in 0.00 ms.
Invoked RoslynAnalysisRunner static constructor.
RoslynAnalysisRunner will not be running.
RoslynAnalysisRunner has terminated.
Mono: successfully reloaded assembly
- Completed reload, in  0.748 seconds
Platform modules already initialized, skipping
Refreshing native plugins compatible for Editor in 0.33 ms, found 1 plugins.
Preloading 0 native plugins for Editor in 0.00 ms.
Unloading 1653 Unused Serialized files (Serialized files now loaded: 0)
System memory in use before: 102.9 MB.
System memory in use after: 103.1 MB.

Unloading 7 unused Assets to reduce memory usage. Loaded Objects now: 2263.
Total: 1.858800 ms (FindLiveObjects: 0.192100 ms CreateObjectMapping: 0.061000 ms MarkObjects: 1.588700 ms  DeleteObjects: 0.015400 ms)

========================================================================
Received Prepare
Registering precompiled user dll's ...
Registered in 0.000959 seconds.
Begin MonoManager ReloadAssembly
Native extension for WindowsStandalone target not found
Refreshing native plugins compatible for Editor in 0.30 ms, found 1 plugins.
Preloading 0 native plugins for Editor in 0.00 ms.
Invoked RoslynAnalysisRunner static constructor.
RoslynAnalysisRunner will not be running.
RoslynAnalysisRunner has terminated.
Mono: successfully reloaded assembly
- Completed reload, in  0.971 seconds
Platform modules already initialized, skipping
Refreshing native plugins compatible for Editor in 0.33 ms, found 1 plugins.
Preloading 0 native plugins for Editor in 0.00 ms.
Unloading 1653 Unused Serialized files (Serialized files now loaded: 0)
System memory in use before: 103.0 MB.
System memory in use after: 103.1 MB.

Unloading 7 unused Assets to reduce memory usage. Loaded Objects now: 2266.
Total: 2.189400 ms (FindLiveObjects: 0.189100 ms CreateObjectMapping: 0.066500 ms MarkObjects: 1.914200 ms  DeleteObjects: 0.017900 ms)

